[2026-02-01 09:16:18,104] [INFO] PARQUET OK | A/a1.sql | rows=2 | 0.15s | 0.00MB
[2026-02-01 09:16:18,158] [INFO] PARQUET OK | A/a2.sql | rows=1647 | 0.05s | 0.02MB
[2026-02-01 09:16:18,200] [INFO] PARQUET OK | B/rate.sql | rows=185 | 0.04s | 0.01MB
[2026-02-01 09:17:11,366] [WARNING] Parquet overwrite | C:\work\batch_runner\data\parquet\SRC_HOST1\A\a1.parquet
[2026-02-01 09:17:11,443] [INFO] PARQUET OK | A/a1.sql | rows=2 | 0.08s | 0.00MB
[2026-02-01 09:17:11,444] [WARNING] Parquet overwrite | C:\work\batch_runner\data\parquet\SRC_HOST1\A\a2.parquet
[2026-02-01 09:17:11,493] [INFO] PARQUET OK | A/a2.sql | rows=1647 | 0.05s | 0.02MB
[2026-02-01 09:17:11,494] [WARNING] Parquet overwrite | C:\work\batch_runner\data\parquet\SRC_HOST1\B\rate.parquet
[2026-02-01 09:17:11,530] [INFO] PARQUET OK | B/rate.sql | rows=185 | 0.04s | 0.01MB
[2026-02-01 09:18:35,925] [INFO] Parquet exists, skip export | C:/work/batch_runner/data/parquet/SRC_HOST1/A/a1.parquet
[2026-02-01 09:18:35,926] [INFO] Parquet exists, skip export | C:/work/batch_runner/data/parquet/SRC_HOST1/A/a2.parquet
[2026-02-01 09:18:35,926] [INFO] Parquet exists, skip export | C:/work/batch_runner/data/parquet/SRC_HOST1/B/rate.parquet
[2026-02-01 09:19:23,669] [INFO] SQL OK | A/a1.sql | 0.08s
[2026-02-01 09:19:23,669] [INFO] CSV OK | A/a1.sql | rows=2 | size=0.00MB
[2026-02-01 09:19:23,719] [INFO] SQL OK | A/a2.sql | 0.05s
[2026-02-01 09:19:23,720] [INFO] CSV OK | A/a2.sql | rows=1647 | size=0.01MB
[2026-02-01 09:19:23,755] [INFO] SQL OK | B/rate.sql | 0.04s
[2026-02-01 09:19:23,755] [INFO] CSV OK | B/rate.sql | rows=185 | size=0.00MB
[2026-02-01 09:20:00,183] [INFO] CSV exists, skip export | C:/work/batch_runner/data/csv/SRC_HOST1/A/a1.csv.gz
[2026-02-01 09:20:00,184] [INFO] CSV exists, skip export | C:/work/batch_runner/data/csv/SRC_HOST1/A/a2.csv.gz
[2026-02-01 09:20:00,184] [INFO] CSV exists, skip export | C:/work/batch_runner/data/csv/SRC_HOST1/B/rate.csv.gz
[2026-02-01 09:20:09,109] [INFO] CSV exists, skip export | C:/work/batch_runner/data/csv/SRC_HOST1/A/a1.csv.gz
[2026-02-01 09:20:09,109] [INFO] CSV exists, skip export | C:/work/batch_runner/data/csv/SRC_HOST1/A/a2.csv.gz
[2026-02-01 09:20:09,110] [INFO] CSV exists, skip export | C:/work/batch_runner/data/csv/SRC_HOST1/B/rate.csv.gz
[2026-02-01 09:24:24,796] [INFO] CSV exists, skip export | C:/work/batch_runner/data/csv/SRC_HOST1/A/a1.csv.gz
[2026-02-01 09:24:24,797] [INFO] CSV exists, skip export | C:/work/batch_runner/data/csv/SRC_HOST1/A/a2.csv.gz
[2026-02-01 09:24:24,797] [INFO] CSV exists, skip export | C:/work/batch_runner/data/csv/SRC_HOST1/B/rate.csv.gz
[2026-02-01 09:27:59,869] [INFO] CSV exists, skip export | C:/work/batch_runner/data/csv/SRC_HOST1/A/a1.csv.gz
[2026-02-01 09:27:59,869] [INFO] CSV exists, skip export | C:/work/batch_runner/data/csv/SRC_HOST1/A/a2.csv.gz
[2026-02-01 09:27:59,870] [INFO] CSV exists, skip export | C:/work/batch_runner/data/csv/SRC_HOST1/B/rate.csv.gz
[2026-02-01 09:29:09,277] [INFO] CSV exists, skip export | C:/work/batch_runner/data/csv/SRC_HOST1/A/a1.csv.gz
[2026-02-01 09:29:09,278] [INFO] CSV exists, skip export | C:/work/batch_runner/data/csv/SRC_HOST1/A/a2.csv.gz
[2026-02-01 09:29:09,278] [INFO] CSV exists, skip export | C:/work/batch_runner/data/csv/SRC_HOST1/B/rate.csv.gz
[2026-02-01 09:29:11,948] [INFO] CSV exists, skip export | C:/work/batch_runner/data/csv/SRC_HOST1/A/a1.csv.gz
[2026-02-01 09:29:11,948] [INFO] CSV exists, skip export | C:/work/batch_runner/data/csv/SRC_HOST1/A/a2.csv.gz
[2026-02-01 09:29:11,949] [INFO] CSV exists, skip export | C:/work/batch_runner/data/csv/SRC_HOST1/B/rate.csv.gz
[2026-02-01 09:30:32,510] [INFO] CSV exists, skip export | C:/work/batch_runner/data/csv/SRC_HOST1/A/a1.csv.gz
[2026-02-01 09:30:32,510] [INFO] CSV exists, skip export | C:/work/batch_runner/data/csv/SRC_HOST1/A/a2.csv.gz
[2026-02-01 09:30:32,511] [INFO] CSV exists, skip export | C:/work/batch_runner/data/csv/SRC_HOST1/B/rate.csv.gz
[2026-02-01 09:30:42,936] [INFO] CSV exists, skip export | C:/work/batch_runner/data/csv/SRC_HOST1/A/a1.csv.gz
[2026-02-01 09:30:42,937] [INFO] CSV exists, skip export | C:/work/batch_runner/data/csv/SRC_HOST1/A/a2.csv.gz
[2026-02-01 09:30:42,937] [INFO] CSV exists, skip export | C:/work/batch_runner/data/csv/SRC_HOST1/B/rate.csv.gz
[2026-02-01 09:30:55,327] [INFO] CSV exists, skip export | C:/work/batch_runner/data/csv/SRC_HOST1/A/a1.csv.gz
[2026-02-01 09:30:55,328] [INFO] CSV exists, skip export | C:/work/batch_runner/data/csv/SRC_HOST1/A/a2.csv.gz
[2026-02-01 09:30:55,328] [INFO] CSV exists, skip export | C:/work/batch_runner/data/csv/SRC_HOST1/B/rate.csv.gz
[2026-02-01 09:30:58,689] [INFO] CSV exists, skip export | C:/work/batch_runner/data/csv/SRC_HOST1/A/a1.csv.gz
[2026-02-01 09:30:58,689] [INFO] CSV exists, skip export | C:/work/batch_runner/data/csv/SRC_HOST1/A/a2.csv.gz
[2026-02-01 09:30:58,690] [INFO] CSV exists, skip export | C:/work/batch_runner/data/csv/SRC_HOST1/B/rate.csv.gz
[2026-02-01 09:31:00,091] [INFO] CSV exists, skip export | C:/work/batch_runner/data/csv/SRC_HOST1/A/a1.csv.gz
[2026-02-01 09:31:00,092] [INFO] CSV exists, skip export | C:/work/batch_runner/data/csv/SRC_HOST1/A/a2.csv.gz
[2026-02-01 09:31:00,092] [INFO] CSV exists, skip export | C:/work/batch_runner/data/csv/SRC_HOST1/B/rate.csv.gz
[2026-02-01 09:31:02,794] [INFO] CSV exists, skip export | C:/work/batch_runner/data/csv/SRC_HOST1/A/a1.csv.gz
[2026-02-01 09:31:02,795] [INFO] CSV exists, skip export | C:/work/batch_runner/data/csv/SRC_HOST1/A/a2.csv.gz
[2026-02-01 09:31:02,795] [INFO] CSV exists, skip export | C:/work/batch_runner/data/csv/SRC_HOST1/B/rate.csv.gz
[2026-02-01 09:31:04,375] [INFO] CSV exists, skip export | C:/work/batch_runner/data/csv/SRC_HOST1/A/a1.csv.gz
[2026-02-01 09:31:04,375] [INFO] CSV exists, skip export | C:/work/batch_runner/data/csv/SRC_HOST1/A/a2.csv.gz
[2026-02-01 09:31:04,376] [INFO] CSV exists, skip export | C:/work/batch_runner/data/csv/SRC_HOST1/B/rate.csv.gz
[2026-02-01 09:35:56,600] [INFO] CSV exists, skip export | C:/work/batch_runner/data/csv/SRC_HOST1/A/a1.csv.gz
[2026-02-01 09:35:56,600] [INFO] CSV exists, skip export | C:/work/batch_runner/data/csv/SRC_HOST1/A/a2.csv.gz
[2026-02-01 09:35:56,600] [INFO] CSV exists, skip export | C:/work/batch_runner/data/csv/SRC_HOST1/B/rate.csv.gz
[2026-02-01 09:36:09,014] [INFO] CSV exists, skip export | C:/work/batch_runner/data/csv/SRC_HOST1/A/a1.csv.gz
[2026-02-01 09:36:09,014] [INFO] CSV exists, skip export | C:/work/batch_runner/data/csv/SRC_HOST1/A/a2.csv.gz
[2026-02-01 09:36:09,015] [INFO] CSV exists, skip export | C:/work/batch_runner/data/csv/SRC_HOST1/B/rate.csv.gz
[2026-02-01 09:36:17,137] [INFO] CSV exists, skip export | C:/work/batch_runner/data/csv/SRC_HOST1/A/a1.csv.gz
[2026-02-01 09:36:17,137] [INFO] CSV exists, skip export | C:/work/batch_runner/data/csv/SRC_HOST1/A/a2.csv.gz
[2026-02-01 09:36:17,137] [INFO] CSV exists, skip export | C:/work/batch_runner/data/csv/SRC_HOST1/B/rate.csv.gz
[2026-02-01 09:36:53,825] [INFO] CSV exists, skip export | C:/work/batch_runner/data/csv/SRC_HOST1/A/a1.csv.gz
[2026-02-01 09:36:53,826] [INFO] CSV exists, skip export | C:/work/batch_runner/data/csv/SRC_HOST1/A/a2.csv.gz
[2026-02-01 09:36:53,826] [INFO] CSV exists, skip export | C:/work/batch_runner/data/csv/SRC_HOST1/B/rate.csv.gz
[2026-02-01 09:37:31,897] [INFO] CSV exists, skip export | C:/work/batch_runner/data/csv/SRC_HOST1/A/a1.csv.gz
[2026-02-01 09:37:31,897] [INFO] CSV exists, skip export | C:/work/batch_runner/data/csv/SRC_HOST1/A/a2.csv.gz
[2026-02-01 09:37:31,898] [INFO] CSV exists, skip export | C:/work/batch_runner/data/csv/SRC_HOST1/B/rate.csv.gz
[2026-02-01 09:38:06,506] [INFO] SQL OK | A/a1.sql | 0.08s
[2026-02-01 09:38:06,507] [INFO] CSV OK | A/a1.sql | rows=2 | size=0.00MB
[2026-02-01 09:38:06,556] [INFO] SQL OK | A/a2.sql | 0.05s
[2026-02-01 09:38:06,557] [INFO] CSV OK | A/a2.sql | rows=1647 | size=0.01MB
[2026-02-01 09:38:06,594] [INFO] SQL OK | B/rate.sql | 0.04s
[2026-02-01 09:38:06,594] [INFO] CSV OK | B/rate.sql | rows=185 | size=0.00MB
[2026-02-01 09:40:28,353] [INFO] CSV exists, skip export | C:/work/batch_runner/data/csv/SRC_HOST1/A/a1.csv.gz
[2026-02-01 09:40:28,354] [INFO] CSV exists, skip export | C:/work/batch_runner/data/csv/SRC_HOST1/A/a2.csv.gz
[2026-02-01 09:42:18,391] [INFO] CSV exists, skip export | C:/work/batch_runner/data/csv/SRC_HOST1/A/a1.csv.gz
[2026-02-01 09:42:18,391] [INFO] CSV exists, skip export | C:/work/batch_runner/data/csv/SRC_HOST1/A/a2.csv.gz
[2026-02-01 09:42:18,392] [INFO] CSV exists, skip export | C:/work/batch_runner/data/csv/SRC_HOST1/B/rate.csv.gz
[2026-02-01 09:42:33,751] [INFO] SQL OK | A/a1.sql | 0.07s
[2026-02-01 09:42:33,752] [INFO] CSV OK | A/a1.sql | rows=2 | size=0.00MB
[2026-02-01 09:42:33,801] [INFO] SQL OK | A/a2.sql | 0.05s
[2026-02-01 09:42:33,801] [INFO] CSV OK | A/a2.sql | rows=1647 | size=0.01MB
[2026-02-01 09:42:33,836] [INFO] SQL OK | B/rate.sql | 0.03s
[2026-02-01 09:42:33,837] [INFO] CSV OK | B/rate.sql | rows=185 | size=0.00MB
[2026-02-01 09:42:53,102] [INFO] SQL OK | A/a1.sql | 0.08s
[2026-02-01 09:42:53,102] [INFO] CSV OK | A/a1.sql | rows=2 | size=0.00MB
[2026-02-01 09:42:53,150] [INFO] SQL OK | A/a2.sql | 0.05s
[2026-02-01 09:42:53,150] [INFO] CSV OK | A/a2.sql | rows=1647 | size=0.01MB
[2026-02-01 09:44:33,050] [INFO] SQL OK | B/rate.sql | 0.08s
[2026-02-01 09:44:33,050] [INFO] CSV OK | B/rate.sql | rows=185 | size=0.00MB
[2026-02-01 09:50:08,966] [INFO] CSV exists, skip export | C:/work/batch_runner/data/csv/SRC_HOST1/B/rate.csv.gz
[2026-02-01 09:58:27,899] [INFO] CSV exists, skip export | C:/work/batch_runner/data/csv/SRC_HOST1/B/rate.csv.gz
[2026-02-01 09:58:58,740] [INFO] CSV exists, skip export | C:/work/batch_runner/data/csv/SRC_HOST1/B/rate.csv.gz
[2026-02-01 10:00:07,654] [INFO] CSV exists, skip export | C:/work/batch_runner/data/csv/SRC_HOST1/B/rate.csv.gz
[2026-02-01 10:00:18,545] [INFO] CSV exists, skip export | C:/work/batch_runner/data/csv/SRC_HOST1/B/rate.csv.gz
[2026-02-01 10:00:31,532] [INFO] CSV exists, skip export | C:/work/batch_runner/data/csv/SRC_HOST1/B/rate.csv.gz
[2026-02-01 10:01:43,565] [INFO] CSV exists, skip export | C:/work/batch_runner/data/csv/SRC_HOST1/B/rate.csv.gz
[2026-02-01 10:02:05,394] [INFO] CSV exists, skip export | C:/work/batch_runner/data/csv/SRC_HOST1/B/rate.csv.gz
[2026-02-01 10:23:03,790] [INFO] CSV exists, skip export | C:/work/batch_runner/data/csv/SRC_HOST1/B/rate.csv.gz
[2026-02-01 10:23:03,790] [INFO] CSV exists, skip export | C:/work/batch_runner/data/csv/SRC_HOST1/B/rate.csv.gz
[2026-02-01 10:24:26,149] [INFO] CSV exists, skip export | C:/work/batch_runner/data/csv/SRC_HOST1/B/rate.csv.gz
[2026-02-01 10:24:26,149] [INFO] CSV exists, skip export | C:/work/batch_runner/data/csv/SRC_HOST1/B/rate.csv.gz
[2026-02-01 10:24:51,118] [INFO] CSV exists, skip export | C:/work/batch_runner/data/csv/SRC_HOST1/B/rate.csv.gz
[2026-02-01 10:24:51,118] [INFO] CSV exists, skip export | C:/work/batch_runner/data/csv/SRC_HOST1/B/rate.csv.gz
[2026-02-01 10:26:50,693] [INFO] CSV exists, skip export | C:/work/batch_runner/data/csv/SRC_HOST1/B/rate.csv.gz
[2026-02-01 10:26:50,694] [INFO] CSV exists, skip export | C:/work/batch_runner/data/csv/SRC_HOST1/B/rate.csv.gz
[2026-02-01 10:32:08,562] [INFO] CSV exists, skip export | C:/work/batch_runner/data/csv/SRC_HOST1/B/rate.csv.gz
[2026-02-01 10:32:08,563] [INFO] CSV exists, skip export | C:/work/batch_runner/data/csv/SRC_HOST1/B/rate.csv.gz
[2026-02-01 10:36:31,043] [INFO] CSV exists, skip export | C:/work/batch_runner/data/csv/SRC_HOST1/B/rate.csv.gz
[2026-02-01 10:36:31,043] [INFO] CSV exists, skip export | C:/work/batch_runner/data/csv/SRC_HOST1/B/rate.csv.gz
[2026-02-01 10:37:21,256] [INFO] CSV OK | A/a1.sql | clsYymm=202403 | rows=2 | size=0.00MB | 0.09s
[2026-02-01 10:37:21,308] [INFO] CSV OK | A/a2.sql | clsYymm=202403 | rows=1647 | size=0.01MB | 0.05s
[2026-02-01 10:37:21,309] [INFO] CSV exists, skip export | C:/work/batch_runner/data/csv/SRC_HOST1/B/rate.csv.gz
[2026-02-01 10:37:21,344] [WARNING] CSV EMPTY | A/a1.sql | clsYymm=202404
[2026-02-01 10:37:21,395] [INFO] CSV OK | A/a2.sql | clsYymm=202404 | rows=1534 | size=0.01MB | 0.05s
[2026-02-01 10:37:21,396] [INFO] CSV exists, skip export | C:/work/batch_runner/data/csv/SRC_HOST1/B/rate.csv.gz
[2026-02-01 10:38:10,350] [INFO] CSV exists, skip export | C:/work/batch_runner/data/csv/SRC_HOST1/A/a1__clsYymm=202403.csv.gz
[2026-02-01 10:38:10,351] [INFO] CSV exists, skip export | C:/work/batch_runner/data/csv/SRC_HOST1/A/a2__clsYymm=202403.csv.gz
[2026-02-01 10:38:10,351] [INFO] CSV exists, skip export | C:/work/batch_runner/data/csv/SRC_HOST1/B/rate.csv.gz
[2026-02-01 10:38:10,352] [INFO] CSV exists, skip export | C:/work/batch_runner/data/csv/SRC_HOST1/A/a1__clsYymm=202404.csv.gz
[2026-02-01 10:38:10,352] [INFO] CSV exists, skip export | C:/work/batch_runner/data/csv/SRC_HOST1/A/a2__clsYymm=202404.csv.gz
[2026-02-01 10:38:10,353] [INFO] CSV exists, skip export | C:/work/batch_runner/data/csv/SRC_HOST1/B/rate.csv.gz
[2026-02-01 10:39:33,282] [INFO] CSV exists, skip export | C:/work/batch_runner/data/csv/SRC_HOST1/A/a1__clsYymm=202403.csv.gz
[2026-02-01 10:39:33,283] [INFO] CSV exists, skip export | C:/work/batch_runner/data/csv/SRC_HOST1/A/a2__clsYymm=202403.csv.gz
[2026-02-01 10:39:33,283] [INFO] CSV exists, skip export | C:/work/batch_runner/data/csv/SRC_HOST1/B/rate.csv.gz
[2026-02-01 10:39:33,284] [INFO] CSV exists, skip export | C:/work/batch_runner/data/csv/SRC_HOST1/A/a1__clsYymm=202404.csv.gz
[2026-02-01 10:39:33,284] [INFO] CSV exists, skip export | C:/work/batch_runner/data/csv/SRC_HOST1/A/a2__clsYymm=202404.csv.gz
[2026-02-01 10:39:33,284] [INFO] CSV exists, skip export | C:/work/batch_runner/data/csv/SRC_HOST1/B/rate.csv.gz
[2026-02-01 10:40:47,865] [INFO] Parquet exists, skip export | C:/work/batch_runner/data/parquet/SRC_HOST1/A/a1.parquet
[2026-02-01 10:40:47,865] [INFO] Parquet exists, skip export | C:/work/batch_runner/data/parquet/SRC_HOST1/A/a2.parquet
[2026-02-01 10:40:47,865] [INFO] Parquet exists, skip export | C:/work/batch_runner/data/parquet/SRC_HOST1/B/rate.parquet
[2026-02-01 10:40:47,866] [INFO] Parquet exists, skip export | C:/work/batch_runner/data/parquet/SRC_HOST1/A/a1.parquet
[2026-02-01 10:40:47,866] [INFO] Parquet exists, skip export | C:/work/batch_runner/data/parquet/SRC_HOST1/A/a2.parquet
[2026-02-01 10:40:47,866] [INFO] Parquet exists, skip export | C:/work/batch_runner/data/parquet/SRC_HOST1/B/rate.parquet
[2026-02-01 10:41:06,415] [INFO] PARQUET OK | A/a1.sql | rows=2 | 0.07s | 0.00MB
[2026-02-01 10:41:06,463] [INFO] PARQUET OK | A/a2.sql | rows=1647 | 0.05s | 0.02MB
[2026-02-01 10:41:06,498] [INFO] PARQUET OK | B/rate.sql | rows=185 | 0.04s | 0.01MB
[2026-02-01 10:41:06,499] [INFO] Parquet exists, skip export | C:/work/batch_runner/data/parquet/SRC_HOST1/A/a1.parquet
[2026-02-01 10:41:06,499] [INFO] Parquet exists, skip export | C:/work/batch_runner/data/parquet/SRC_HOST1/A/a2.parquet
[2026-02-01 10:41:06,500] [INFO] Parquet exists, skip export | C:/work/batch_runner/data/parquet/SRC_HOST1/B/rate.parquet
[2026-02-01 10:44:25,239] [INFO] Parquet exists, skip export | C:/work/batch_runner/data/parquet/SRC_HOST1/A/a1.parquet
[2026-02-01 10:44:25,239] [INFO] Parquet exists, skip export | C:/work/batch_runner/data/parquet/SRC_HOST1/A/a2.parquet
[2026-02-01 10:44:25,240] [INFO] Parquet exists, skip export | C:/work/batch_runner/data/parquet/SRC_HOST1/B/rate.parquet
[2026-02-01 10:45:20,771] [INFO] Parquet exists, skip export | C:/work/batch_runner/data/parquet/SRC_HOST1/A/a1.parquet
[2026-02-01 10:45:20,772] [INFO] Parquet exists, skip export | C:/work/batch_runner/data/parquet/SRC_HOST1/A/a2.parquet
[2026-02-01 10:45:20,772] [INFO] Parquet exists, skip export | C:/work/batch_runner/data/parquet/SRC_HOST1/B/rate.parquet
[2026-02-01 10:45:23,981] [INFO] Parquet exists, skip export | C:/work/batch_runner/data/parquet/SRC_HOST1/A/a1.parquet
[2026-02-01 10:45:23,981] [INFO] Parquet exists, skip export | C:/work/batch_runner/data/parquet/SRC_HOST1/A/a2.parquet
[2026-02-01 10:45:23,982] [INFO] Parquet exists, skip export | C:/work/batch_runner/data/parquet/SRC_HOST1/B/rate.parquet
[2026-02-01 10:46:15,953] [ERROR] PARQUET FAIL | a1.sql | name 'build_param_suffix' is not defined
[2026-02-01 10:46:15,954] [ERROR] PARQUET FAIL | a2.sql | name 'build_param_suffix' is not defined
[2026-02-01 10:46:15,954] [ERROR] PARQUET FAIL | rate.sql | name 'build_param_suffix' is not defined
[2026-02-01 10:47:18,376] [ERROR] PARQUET FAIL | a1.sql | [WinError 2] 지정된 파일을 찾을 수 없습니다: 'C:\\work\\batch_runner\\data\\parquet\\SRC_HOST1\\A\\a1__clsYymm=202403,202404.parquet'
[2026-02-01 10:47:18,425] [ERROR] PARQUET FAIL | a2.sql | [WinError 2] 지정된 파일을 찾을 수 없습니다: 'C:\\work\\batch_runner\\data\\parquet\\SRC_HOST1\\A\\a2__clsYymm=202403,202404.parquet'
[2026-02-01 10:47:18,463] [INFO] PARQUET OK | B/rate.sql__clsYymm=202403,202404 | rows=185 | 0.04s | 0.01MB
[2026-02-01 10:47:31,325] [ERROR] PARQUET FAIL | a1.sql | [WinError 2] 지정된 파일을 찾을 수 없습니다: 'C:\\work\\batch_runner\\data\\parquet\\SRC_HOST1\\A\\a1__clsYymm=202403,202404.parquet'
[2026-02-01 10:47:31,367] [ERROR] PARQUET FAIL | a2.sql | [WinError 2] 지정된 파일을 찾을 수 없습니다: 'C:\\work\\batch_runner\\data\\parquet\\SRC_HOST1\\A\\a2__clsYymm=202403,202404.parquet'
[2026-02-01 10:47:31,368] [INFO] Parquet exists, skip export | C:/work/batch_runner/data/parquet/SRC_HOST1/B/rate__clsYymm=202403,202404.parquet
[2026-02-01 10:47:39,064] [ERROR] PARQUET FAIL | a1.sql | [WinError 2] 지정된 파일을 찾을 수 없습니다: 'C:\\work\\batch_runner\\data\\parquet\\SRC_HOST1\\A\\a1__clsYymm=202403,202404.parquet'
[2026-02-01 10:47:39,105] [ERROR] PARQUET FAIL | a2.sql | [WinError 2] 지정된 파일을 찾을 수 없습니다: 'C:\\work\\batch_runner\\data\\parquet\\SRC_HOST1\\A\\a2__clsYymm=202403,202404.parquet'
[2026-02-01 10:47:39,106] [INFO] Parquet exists, skip export | C:/work/batch_runner/data/parquet/SRC_HOST1/B/rate__clsYymm=202403,202404.parquet
[2026-02-01 10:48:27,759] [INFO] PARQUET OK | A/a1.sql__clsYymm=202403 | rows=2 | 0.08s | 0.00MB
[2026-02-01 10:48:27,789] [ERROR] PARQUET FAIL | a1.sql | [WinError 2] 지정된 파일을 찾을 수 없습니다: 'C:\\work\\batch_runner\\data\\parquet\\SRC_HOST1\\A\\a1__clsYymm=202404.parquet'
[2026-02-01 10:48:27,837] [INFO] PARQUET OK | A/a2.sql__clsYymm=202403 | rows=1647 | 0.05s | 0.02MB
[2026-02-01 10:48:27,883] [INFO] PARQUET OK | A/a2.sql__clsYymm=202404 | rows=1534 | 0.09s | 0.02MB
[2026-02-01 10:48:27,884] [INFO] Parquet exists, skip export | C:/work/batch_runner/data/parquet/SRC_HOST1/B/rate.parquet
[2026-02-01 10:48:34,774] [INFO] Parquet exists, skip export | C:/work/batch_runner/data/parquet/SRC_HOST1/A/a1__clsYymm=202403.parquet
[2026-02-01 10:48:34,856] [ERROR] PARQUET FAIL | a1.sql | [WinError 2] 지정된 파일을 찾을 수 없습니다: 'C:\\work\\batch_runner\\data\\parquet\\SRC_HOST1\\A\\a1__clsYymm=202404.parquet'
[2026-02-01 10:48:34,857] [INFO] Parquet exists, skip export | C:/work/batch_runner/data/parquet/SRC_HOST1/A/a2__clsYymm=202403.parquet
[2026-02-01 10:48:34,857] [INFO] Parquet exists, skip export | C:/work/batch_runner/data/parquet/SRC_HOST1/A/a2__clsYymm=202404.parquet
[2026-02-01 10:48:34,858] [INFO] Parquet exists, skip export | C:/work/batch_runner/data/parquet/SRC_HOST1/B/rate.parquet
[2026-02-01 10:48:37,198] [INFO] Parquet exists, skip export | C:/work/batch_runner/data/parquet/SRC_HOST1/A/a1__clsYymm=202403.parquet
[2026-02-01 10:48:37,269] [ERROR] PARQUET FAIL | a1.sql | [WinError 2] 지정된 파일을 찾을 수 없습니다: 'C:\\work\\batch_runner\\data\\parquet\\SRC_HOST1\\A\\a1__clsYymm=202404.parquet'
[2026-02-01 10:48:37,270] [INFO] Parquet exists, skip export | C:/work/batch_runner/data/parquet/SRC_HOST1/A/a2__clsYymm=202403.parquet
[2026-02-01 10:48:37,270] [INFO] Parquet exists, skip export | C:/work/batch_runner/data/parquet/SRC_HOST1/A/a2__clsYymm=202404.parquet
[2026-02-01 10:48:37,270] [INFO] Parquet exists, skip export | C:/work/batch_runner/data/parquet/SRC_HOST1/B/rate.parquet
[2026-02-01 10:51:31,075] [INFO] Parquet exists, skip export | C:/work/batch_runner/data/parquet/SRC_HOST1/A/a1__clsYymm=202403.parquet
[2026-02-01 10:51:31,142] [ERROR] PARQUET FAIL | a1.sql | [WinError 2] 지정된 파일을 찾을 수 없습니다: 'C:\\work\\batch_runner\\data\\parquet\\SRC_HOST1\\A\\a1__clsYymm=202404.parquet'
[2026-02-01 10:51:31,144] [INFO] Parquet exists, skip export | C:/work/batch_runner/data/parquet/SRC_HOST1/A/a2__clsYymm=202403.parquet
[2026-02-01 10:51:31,144] [INFO] Parquet exists, skip export | C:/work/batch_runner/data/parquet/SRC_HOST1/A/a2__clsYymm=202404.parquet
[2026-02-01 10:51:31,145] [INFO] Parquet exists, skip export | C:/work/batch_runner/data/parquet/SRC_HOST1/B/rate.parquet
[2026-02-01 10:51:58,291] [INFO] Parquet exists, skip export | C:/work/batch_runner/data/parquet/SRC_HOST1/A/a1__clsYymm=202403.parquet
[2026-02-01 10:51:58,358] [ERROR] PARQUET FAIL | a1.sql | [WinError 2] 지정된 파일을 찾을 수 없습니다: 'C:\\work\\batch_runner\\data\\parquet\\SRC_HOST1\\A\\a1__clsYymm=202404.parquet'
[2026-02-01 10:51:58,360] [INFO] Parquet exists, skip export | C:/work/batch_runner/data/parquet/SRC_HOST1/A/a2__clsYymm=202403.parquet
[2026-02-01 10:51:58,360] [INFO] Parquet exists, skip export | C:/work/batch_runner/data/parquet/SRC_HOST1/A/a2__clsYymm=202404.parquet
[2026-02-01 10:51:58,361] [INFO] Parquet exists, skip export | C:/work/batch_runner/data/parquet/SRC_HOST1/B/rate.parquet
[2026-02-01 10:53:11,268] [INFO] Parquet exists, skip export | C:/work/batch_runner/data/parquet/SRC_HOST1/A/a1__clsYymm=202403.parquet
[2026-02-01 10:53:11,356] [ERROR] PARQUET FAIL | a1.sql | [WinError 2] 지정된 파일을 찾을 수 없습니다: 'C:\\work\\batch_runner\\data\\parquet\\SRC_HOST1\\A\\a1__clsYymm=202404.parquet'
[2026-02-01 10:53:11,357] [INFO] Parquet exists, skip export | C:/work/batch_runner/data/parquet/SRC_HOST1/A/a2__clsYymm=202403.parquet
[2026-02-01 10:53:11,358] [INFO] Parquet exists, skip export | C:/work/batch_runner/data/parquet/SRC_HOST1/A/a2__clsYymm=202404.parquet
[2026-02-01 10:53:11,358] [INFO] Parquet exists, skip export | C:/work/batch_runner/data/parquet/SRC_HOST1/B/rate.parquet
[2026-02-01 10:53:22,105] [INFO] Parquet exists, skip export | C:/work/batch_runner/data/parquet/SRC_HOST1/A/a1__clsYymm=202403.parquet
[2026-02-01 10:53:22,169] [ERROR] PARQUET FAIL | a1.sql | [WinError 2] 지정된 파일을 찾을 수 없습니다: 'C:\\work\\batch_runner\\data\\parquet\\SRC_HOST1\\A\\a1__clsYymm=202404.parquet'
[2026-02-01 10:53:22,170] [INFO] Parquet exists, skip export | C:/work/batch_runner/data/parquet/SRC_HOST1/A/a2__clsYymm=202403.parquet
[2026-02-01 10:53:22,170] [INFO] Parquet exists, skip export | C:/work/batch_runner/data/parquet/SRC_HOST1/A/a2__clsYymm=202404.parquet
[2026-02-01 10:53:22,171] [INFO] Parquet exists, skip export | C:/work/batch_runner/data/parquet/SRC_HOST1/B/rate.parquet
[2026-02-01 10:56:00,600] [INFO] Parquet exists, skip export | C:/work/batch_runner/data/parquet/SRC_HOST1/A/a1__clsYymm=202403.parquet
[2026-02-01 10:56:00,674] [WARNING] PARQUET EMPTY | A/a1.sql__clsYymm=202404 | rows=0
[2026-02-01 10:56:00,675] [INFO] Parquet exists, skip export | C:/work/batch_runner/data/parquet/SRC_HOST1/A/a2__clsYymm=202403.parquet
[2026-02-01 10:56:00,676] [INFO] Parquet exists, skip export | C:/work/batch_runner/data/parquet/SRC_HOST1/A/a2__clsYymm=202404.parquet
[2026-02-01 10:56:00,677] [INFO] Parquet exists, skip export | C:/work/batch_runner/data/parquet/SRC_HOST1/B/rate.parquet
[2026-02-01 10:57:58,302] [INFO] Parquet exists, skip export | C:/work/batch_runner/data/parquet/SRC_HOST1/A/a1__clsYymm=202403.parquet
[2026-02-01 10:57:58,377] [WARNING] PARQUET EMPTY | A/a1.sql__clsYymm=202404 | rows=0
[2026-02-01 10:57:58,378] [INFO] Parquet exists, skip export | C:/work/batch_runner/data/parquet/SRC_HOST1/A/a2__clsYymm=202403.parquet
[2026-02-01 10:57:58,379] [INFO] Parquet exists, skip export | C:/work/batch_runner/data/parquet/SRC_HOST1/A/a2__clsYymm=202404.parquet
[2026-02-01 10:57:58,379] [INFO] Parquet exists, skip export | C:/work/batch_runner/data/parquet/SRC_HOST1/B/rate.parquet
[2026-02-01 10:58:05,561] [ERROR] SQL FAIL | a1.sql | 0.00s | build_param_suffix() takes 1 positional argument but 2 were given
[2026-02-01 10:58:05,562] [ERROR] SQL FAIL | a2.sql | 0.00s | build_param_suffix() takes 1 positional argument but 2 were given
[2026-02-01 10:58:05,562] [ERROR] SQL FAIL | rate.sql | 0.00s | build_param_suffix() takes 1 positional argument but 2 were given
[2026-02-01 10:58:33,513] [ERROR] SQL FAIL | a1.sql | 0.00s | build_param_suffix() takes 1 positional argument but 2 were given
[2026-02-01 10:58:33,514] [ERROR] SQL FAIL | a2.sql | 0.00s | build_param_suffix() takes 1 positional argument but 2 were given
[2026-02-01 10:58:33,514] [ERROR] SQL FAIL | rate.sql | 0.00s | build_param_suffix() takes 1 positional argument but 2 were given
[2026-02-01 11:05:43,631] [INFO] CSV OK | A/a1.sql | clsYymm=202403 | rows=2 | 0.00MB | 0.09s
[2026-02-01 11:05:43,664] [WARNING] CSV EMPTY | A/a1.sql | clsYymm=202404 | rows=0
[2026-02-01 11:05:43,726] [INFO] CSV OK | A/a2.sql | clsYymm=202403 | rows=1647 | 0.01MB | 0.06s
[2026-02-01 11:05:43,793] [INFO] CSV OK | A/a2.sql | clsYymm=202404 | rows=1534 | 0.01MB | 0.07s
[2026-02-01 11:05:43,829] [INFO] CSV OK | B/rate.sql | - | rows=185 | 0.00MB | 0.03s
[2026-02-01 11:05:49,907] [INFO] CSV exists, skip export | C:/work/batch_runner/data/csv/SRC_HOST1/A/a1__clsYymm=202403.csv.gz
[2026-02-01 11:05:49,969] [WARNING] CSV EMPTY | A/a1.sql | clsYymm=202404 | rows=0
[2026-02-01 11:05:49,970] [INFO] CSV exists, skip export | C:/work/batch_runner/data/csv/SRC_HOST1/A/a2__clsYymm=202403.csv.gz
[2026-02-01 11:05:49,970] [INFO] CSV exists, skip export | C:/work/batch_runner/data/csv/SRC_HOST1/A/a2__clsYymm=202404.csv.gz
[2026-02-01 11:05:49,971] [INFO] CSV exists, skip export | C:/work/batch_runner/data/csv/SRC_HOST1/B/rate.csv.gz
[2026-02-01 11:06:18,171] [INFO] CSV exists, skip export | C:/work/batch_runner/data/csv/SRC_HOST1/A/a1__clsYymm=202403.csv.gz
[2026-02-01 11:06:18,247] [WARNING] CSV EMPTY | A/a1.sql | clsYymm=202404 | rows=0
[2026-02-01 11:06:18,248] [INFO] CSV exists, skip export | C:/work/batch_runner/data/csv/SRC_HOST1/A/a2__clsYymm=202403.csv.gz
[2026-02-01 11:06:18,248] [INFO] CSV exists, skip export | C:/work/batch_runner/data/csv/SRC_HOST1/A/a2__clsYymm=202404.csv.gz
[2026-02-01 11:06:18,248] [INFO] CSV exists, skip export | C:/work/batch_runner/data/csv/SRC_HOST1/B/rate.csv.gz
[2026-02-01 11:06:20,651] [INFO] CSV exists, skip export | C:/work/batch_runner/data/csv/SRC_HOST1/A/a1__clsYymm=202403.csv.gz
[2026-02-01 11:06:20,716] [WARNING] CSV EMPTY | A/a1.sql | clsYymm=202404 | rows=0
[2026-02-01 11:06:20,717] [INFO] CSV exists, skip export | C:/work/batch_runner/data/csv/SRC_HOST1/A/a2__clsYymm=202403.csv.gz
[2026-02-01 11:06:20,717] [INFO] CSV exists, skip export | C:/work/batch_runner/data/csv/SRC_HOST1/A/a2__clsYymm=202404.csv.gz
[2026-02-01 11:06:20,718] [INFO] CSV exists, skip export | C:/work/batch_runner/data/csv/SRC_HOST1/B/rate.csv.gz
[2026-02-01 11:06:32,860] [INFO] CSV exists, skip export | C:/work/batch_runner/data/csv/SRC_HOST1/A/a1__clsYymm=202403.csv.gz
[2026-02-01 11:06:32,925] [WARNING] CSV EMPTY | A/a1.sql | clsYymm=202404 | rows=0
[2026-02-01 11:06:32,926] [INFO] CSV exists, skip export | C:/work/batch_runner/data/csv/SRC_HOST1/A/a2__clsYymm=202403.csv.gz
[2026-02-01 11:06:32,926] [INFO] CSV exists, skip export | C:/work/batch_runner/data/csv/SRC_HOST1/A/a2__clsYymm=202404.csv.gz
[2026-02-01 11:06:32,927] [INFO] CSV exists, skip export | C:/work/batch_runner/data/csv/SRC_HOST1/B/rate.csv.gz
[2026-02-01 11:07:48,199] [INFO] CSV exists, skip export | C:/work/batch_runner/data/csv/SRC_HOST1/A/a1__clsYymm=202403.csv.gz
[2026-02-01 11:07:48,266] [WARNING] CSV EMPTY | A/a1.sql | clsYymm=202404 | rows=0
[2026-02-01 11:07:48,267] [INFO] CSV exists, skip export | C:/work/batch_runner/data/csv/SRC_HOST1/A/a2__clsYymm=202403.csv.gz
[2026-02-01 11:07:48,267] [INFO] CSV exists, skip export | C:/work/batch_runner/data/csv/SRC_HOST1/A/a2__clsYymm=202404.csv.gz
[2026-02-01 11:07:48,268] [INFO] CSV exists, skip export | C:/work/batch_runner/data/csv/SRC_HOST1/B/rate.csv.gz
[2026-02-01 11:08:03,702] [INFO] CSV exists, skip export | C:/work/batch_runner/data/csv/SRC_HOST1/A/a1__clsYymm=202403.csv.gz
[2026-02-01 11:08:03,774] [WARNING] CSV EMPTY | A/a1.sql | clsYymm=202404 | rows=0
[2026-02-01 11:08:03,775] [INFO] CSV exists, skip export | C:/work/batch_runner/data/csv/SRC_HOST1/A/a2__clsYymm=202403.csv.gz
[2026-02-01 11:08:03,775] [INFO] CSV exists, skip export | C:/work/batch_runner/data/csv/SRC_HOST1/A/a2__clsYymm=202404.csv.gz
[2026-02-01 11:08:03,776] [INFO] CSV exists, skip export | C:/work/batch_runner/data/csv/SRC_HOST1/B/rate.csv.gz
[2026-02-01 11:08:18,251] [INFO] CSV exists, skip export | C:/work/batch_runner/data/csv/SRC_HOST1/A/a1__clsYymm=202403.csv.gz
[2026-02-01 11:08:18,315] [WARNING] CSV EMPTY | A/a1.sql | clsYymm=202404 | rows=0
[2026-02-01 11:08:18,316] [INFO] CSV exists, skip export | C:/work/batch_runner/data/csv/SRC_HOST1/A/a2__clsYymm=202403.csv.gz
[2026-02-01 11:08:18,316] [INFO] CSV exists, skip export | C:/work/batch_runner/data/csv/SRC_HOST1/A/a2__clsYymm=202404.csv.gz
[2026-02-01 11:08:18,317] [INFO] CSV exists, skip export | C:/work/batch_runner/data/csv/SRC_HOST1/B/rate.csv.gz
[2026-02-01 11:09:16,480] [INFO] CSV OK | A/a1.sql | clsYymm=202312 | rows=124 | 0.00MB | 0.08s
[2026-02-01 11:09:16,481] [INFO] CSV exists, skip export | C:/work/batch_runner/data/csv/SRC_HOST1/A/a1__clsYymm=202403.csv.gz
[2026-02-01 11:09:16,512] [WARNING] CSV EMPTY | A/a1.sql | clsYymm=202404 | rows=0
[2026-02-01 11:09:16,564] [INFO] CSV OK | A/a2.sql | clsYymm=202312 | rows=1802 | 0.01MB | 0.05s
[2026-02-01 11:09:16,565] [INFO] CSV exists, skip export | C:/work/batch_runner/data/csv/SRC_HOST1/A/a2__clsYymm=202403.csv.gz
[2026-02-01 11:09:16,565] [INFO] CSV exists, skip export | C:/work/batch_runner/data/csv/SRC_HOST1/A/a2__clsYymm=202404.csv.gz
[2026-02-01 11:09:16,565] [INFO] CSV exists, skip export | C:/work/batch_runner/data/csv/SRC_HOST1/B/rate.csv.gz
[2026-02-01 11:11:25,087] [INFO] CSV exists, skip export | C:/work/batch_runner/data/csv/SRC_HOST1/A/a1__clsYymm=202312.csv.gz
[2026-02-01 11:11:25,087] [INFO] CSV exists, skip export | C:/work/batch_runner/data/csv/SRC_HOST1/A/a1__clsYymm=202403.csv.gz
[2026-02-01 11:11:25,162] [WARNING] CSV EMPTY | A/a1.sql | clsYymm=202404 | rows=0
[2026-02-01 11:11:25,163] [INFO] CSV exists, skip export | C:/work/batch_runner/data/csv/SRC_HOST1/A/a2__clsYymm=202312.csv.gz
[2026-02-01 11:11:25,163] [INFO] CSV exists, skip export | C:/work/batch_runner/data/csv/SRC_HOST1/A/a2__clsYymm=202403.csv.gz
[2026-02-01 11:11:25,163] [INFO] CSV exists, skip export | C:/work/batch_runner/data/csv/SRC_HOST1/A/a2__clsYymm=202404.csv.gz
[2026-02-01 11:11:25,164] [INFO] CSV exists, skip export | C:/work/batch_runner/data/csv/SRC_HOST1/B/rate.csv.gz
[2026-02-01 11:11:27,693] [INFO] CSV exists, skip export | C:/work/batch_runner/data/csv/SRC_HOST1/A/a1__clsYymm=202312.csv.gz
[2026-02-01 11:11:27,694] [INFO] CSV exists, skip export | C:/work/batch_runner/data/csv/SRC_HOST1/A/a1__clsYymm=202403.csv.gz
[2026-02-01 11:11:27,767] [WARNING] CSV EMPTY | A/a1.sql | clsYymm=202404 | rows=0
[2026-02-01 11:11:27,768] [INFO] CSV exists, skip export | C:/work/batch_runner/data/csv/SRC_HOST1/A/a2__clsYymm=202312.csv.gz
[2026-02-01 11:11:27,769] [INFO] CSV exists, skip export | C:/work/batch_runner/data/csv/SRC_HOST1/A/a2__clsYymm=202403.csv.gz
[2026-02-01 11:11:27,769] [INFO] CSV exists, skip export | C:/work/batch_runner/data/csv/SRC_HOST1/A/a2__clsYymm=202404.csv.gz
[2026-02-01 11:11:27,769] [INFO] CSV exists, skip export | C:/work/batch_runner/data/csv/SRC_HOST1/B/rate.csv.gz
[2026-02-01 11:12:38,337] [INFO] CSV exists, skip export | C:/work/batch_runner/data/csv/SRC_HOST1/A/a1__clsYymm=202312.csv.gz
[2026-02-01 11:12:38,337] [INFO] CSV exists, skip export | C:/work/batch_runner/data/csv/SRC_HOST1/A/a1__clsYymm=202403.csv.gz
[2026-02-01 11:12:38,414] [WARNING] CSV EMPTY | A/a1.sql | clsYymm=202404 | rows=0
[2026-02-01 11:12:38,415] [INFO] CSV exists, skip export | C:/work/batch_runner/data/csv/SRC_HOST1/A/a2__clsYymm=202312.csv.gz
[2026-02-01 11:12:38,415] [INFO] CSV exists, skip export | C:/work/batch_runner/data/csv/SRC_HOST1/A/a2__clsYymm=202403.csv.gz
[2026-02-01 11:12:38,415] [INFO] CSV exists, skip export | C:/work/batch_runner/data/csv/SRC_HOST1/A/a2__clsYymm=202404.csv.gz
[2026-02-01 11:12:38,416] [INFO] CSV exists, skip export | C:/work/batch_runner/data/csv/SRC_HOST1/B/rate.csv.gz
[2026-02-01 11:13:34,516] [INFO] CSV exists, skip export | C:/work/batch_runner/data/csv/SRC_HOST1/A/a1__clsYymm=202312.csv.gz
[2026-02-01 11:13:34,516] [INFO] CSV exists, skip export | C:/work/batch_runner/data/csv/SRC_HOST1/A/a1__clsYymm=202403.csv.gz
[2026-02-01 11:13:34,590] [WARNING] CSV EMPTY | A/a1.sql | clsYymm=202404 | rows=0
[2026-02-01 11:13:34,591] [INFO] CSV exists, skip export | C:/work/batch_runner/data/csv/SRC_HOST1/A/a2__clsYymm=202312.csv.gz
[2026-02-01 11:13:34,592] [INFO] CSV exists, skip export | C:/work/batch_runner/data/csv/SRC_HOST1/A/a2__clsYymm=202403.csv.gz
[2026-02-01 11:13:34,592] [INFO] CSV exists, skip export | C:/work/batch_runner/data/csv/SRC_HOST1/A/a2__clsYymm=202404.csv.gz
[2026-02-01 11:13:34,592] [INFO] CSV exists, skip export | C:/work/batch_runner/data/csv/SRC_HOST1/B/rate.csv.gz
[2026-02-01 11:15:18,057] [INFO] CSV exists, skip export | C:/work/batch_runner/data/csv/SRC_HOST1/A/a1__clsYymm=202312.csv.gz
[2026-02-01 11:15:18,057] [INFO] CSV exists, skip export | C:/work/batch_runner/data/csv/SRC_HOST1/A/a1__clsYymm=202403.csv.gz
[2026-02-01 11:15:18,131] [WARNING] CSV EMPTY | A/a1.sql | clsYymm=202404 | rows=0
[2026-02-01 11:15:18,132] [INFO] CSV exists, skip export | C:/work/batch_runner/data/csv/SRC_HOST1/A/a2__clsYymm=202312.csv.gz
[2026-02-01 11:15:18,132] [INFO] CSV exists, skip export | C:/work/batch_runner/data/csv/SRC_HOST1/A/a2__clsYymm=202403.csv.gz
[2026-02-01 11:15:18,132] [INFO] CSV exists, skip export | C:/work/batch_runner/data/csv/SRC_HOST1/A/a2__clsYymm=202404.csv.gz
[2026-02-01 11:15:18,133] [INFO] CSV exists, skip export | C:/work/batch_runner/data/csv/SRC_HOST1/B/rate.csv.gz
[2026-02-01 11:15:21,250] [INFO] CSV exists, skip export | C:/work/batch_runner/data/csv/SRC_HOST1/A/a1__clsYymm=202312.csv.gz
[2026-02-01 11:15:21,251] [INFO] CSV exists, skip export | C:/work/batch_runner/data/csv/SRC_HOST1/A/a1__clsYymm=202403.csv.gz
[2026-02-01 11:15:21,318] [WARNING] CSV EMPTY | A/a1.sql | clsYymm=202404 | rows=0
[2026-02-01 11:15:21,318] [INFO] CSV exists, skip export | C:/work/batch_runner/data/csv/SRC_HOST1/A/a2__clsYymm=202312.csv.gz
[2026-02-01 11:15:21,319] [INFO] CSV exists, skip export | C:/work/batch_runner/data/csv/SRC_HOST1/A/a2__clsYymm=202403.csv.gz
[2026-02-01 11:15:21,319] [INFO] CSV exists, skip export | C:/work/batch_runner/data/csv/SRC_HOST1/A/a2__clsYymm=202404.csv.gz
[2026-02-01 11:15:21,319] [INFO] CSV exists, skip export | C:/work/batch_runner/data/csv/SRC_HOST1/B/rate.csv.gz
[2026-02-01 11:15:23,408] [INFO] CSV exists, skip export | C:/work/batch_runner/data/csv/SRC_HOST1/A/a1__clsYymm=202312.csv.gz
[2026-02-01 11:15:23,409] [INFO] CSV exists, skip export | C:/work/batch_runner/data/csv/SRC_HOST1/A/a1__clsYymm=202403.csv.gz
[2026-02-01 11:15:23,483] [WARNING] CSV EMPTY | A/a1.sql | clsYymm=202404 | rows=0
[2026-02-01 11:15:23,484] [INFO] CSV exists, skip export | C:/work/batch_runner/data/csv/SRC_HOST1/A/a2__clsYymm=202312.csv.gz
[2026-02-01 11:15:23,485] [INFO] CSV exists, skip export | C:/work/batch_runner/data/csv/SRC_HOST1/A/a2__clsYymm=202403.csv.gz
[2026-02-01 11:15:23,485] [INFO] CSV exists, skip export | C:/work/batch_runner/data/csv/SRC_HOST1/A/a2__clsYymm=202404.csv.gz
[2026-02-01 11:15:23,485] [INFO] CSV exists, skip export | C:/work/batch_runner/data/csv/SRC_HOST1/B/rate.csv.gz
[2026-02-01 11:16:27,514] [INFO] CSV exists, skip export | C:/work/batch_runner/data/csv/SRC_HOST1/A/a1__clsYymm=202312.csv.gz
[2026-02-01 11:16:27,514] [INFO] CSV exists, skip export | C:/work/batch_runner/data/csv/SRC_HOST1/A/a1__clsYymm=202403.csv.gz
[2026-02-01 11:16:27,600] [WARNING] CSV EMPTY | A/a1.sql | clsYymm=202404 | rows=0
[2026-02-01 11:16:27,601] [INFO] CSV exists, skip export | C:/work/batch_runner/data/csv/SRC_HOST1/A/a2__clsYymm=202312.csv.gz
[2026-02-01 11:16:27,601] [INFO] CSV exists, skip export | C:/work/batch_runner/data/csv/SRC_HOST1/A/a2__clsYymm=202403.csv.gz
[2026-02-01 11:16:27,602] [INFO] CSV exists, skip export | C:/work/batch_runner/data/csv/SRC_HOST1/A/a2__clsYymm=202404.csv.gz
[2026-02-01 11:16:27,602] [INFO] CSV exists, skip export | C:/work/batch_runner/data/csv/SRC_HOST1/B/rate.csv.gz
[2026-02-01 11:17:59,728] [INFO] CSV exists, skip export | C:/work/batch_runner/data/csv/SRC_HOST1/A/a1__clsYymm=202312.csv.gz
[2026-02-01 11:17:59,728] [INFO] CSV exists, skip export | C:/work/batch_runner/data/csv/SRC_HOST1/A/a1__clsYymm=202403.csv.gz
[2026-02-01 11:17:59,796] [WARNING] CSV EMPTY | A/a1.sql | clsYymm=202404 | rows=0
[2026-02-01 11:17:59,797] [INFO] CSV exists, skip export | C:/work/batch_runner/data/csv/SRC_HOST1/A/a2__clsYymm=202312.csv.gz
[2026-02-01 11:17:59,797] [INFO] CSV exists, skip export | C:/work/batch_runner/data/csv/SRC_HOST1/A/a2__clsYymm=202403.csv.gz
[2026-02-01 11:17:59,797] [INFO] CSV exists, skip export | C:/work/batch_runner/data/csv/SRC_HOST1/A/a2__clsYymm=202404.csv.gz
[2026-02-01 11:17:59,798] [INFO] CSV exists, skip export | C:/work/batch_runner/data/csv/SRC_HOST1/B/rate.csv.gz
[2026-02-01 11:18:44,170] [INFO] CSV exists, skip export | C:/work/batch_runner/data/csv/SRC_HOST1/A/a1__clsYymm=202312.csv.gz
[2026-02-01 11:18:44,170] [INFO] CSV exists, skip export | C:/work/batch_runner/data/csv/SRC_HOST1/A/a1__clsYymm=202403.csv.gz
[2026-02-01 11:18:44,247] [WARNING] CSV EMPTY | A/a1.sql | clsYymm=202404 | rows=0
[2026-02-01 11:18:44,248] [INFO] CSV exists, skip export | C:/work/batch_runner/data/csv/SRC_HOST1/A/a2__clsYymm=202312.csv.gz
[2026-02-01 11:18:44,248] [INFO] CSV exists, skip export | C:/work/batch_runner/data/csv/SRC_HOST1/A/a2__clsYymm=202403.csv.gz
[2026-02-01 11:18:44,248] [INFO] CSV exists, skip export | C:/work/batch_runner/data/csv/SRC_HOST1/A/a2__clsYymm=202404.csv.gz
[2026-02-01 11:18:44,248] [INFO] CSV exists, skip export | C:/work/batch_runner/data/csv/SRC_HOST1/B/rate.csv.gz
[2026-02-01 11:21:07,368] [INFO] CSV exists, skip export | C:/work/batch_runner/data/csv/SRC_HOST1/A/a1__clsYymm=202312.csv.gz
[2026-02-01 11:21:07,368] [INFO] CSV exists, skip export | C:/work/batch_runner/data/csv/SRC_HOST1/A/a1__clsYymm=202403.csv.gz
[2026-02-01 11:21:07,453] [WARNING] CSV EMPTY | A/a1.sql | clsYymm=202404 | rows=0
[2026-02-01 11:21:07,454] [INFO] CSV exists, skip export | C:/work/batch_runner/data/csv/SRC_HOST1/A/a2__clsYymm=202312.csv.gz
[2026-02-01 11:21:07,454] [INFO] CSV exists, skip export | C:/work/batch_runner/data/csv/SRC_HOST1/A/a2__clsYymm=202403.csv.gz
[2026-02-01 11:21:07,454] [INFO] CSV exists, skip export | C:/work/batch_runner/data/csv/SRC_HOST1/A/a2__clsYymm=202404.csv.gz
[2026-02-01 11:21:07,455] [INFO] CSV exists, skip export | C:/work/batch_runner/data/csv/SRC_HOST1/B/rate.csv.gz
[2026-02-01 11:21:17,451] [INFO] CSV exists, skip export | C:/work/batch_runner/data/csv/SRC_HOST1/A/a1__clsYymm=202312.csv.gz
[2026-02-01 11:21:17,451] [INFO] CSV exists, skip export | C:/work/batch_runner/data/csv/SRC_HOST1/A/a1__clsYymm=202403.csv.gz
[2026-02-01 11:21:17,520] [WARNING] CSV EMPTY | A/a1.sql | clsYymm=202404 | rows=0
[2026-02-01 11:21:17,521] [INFO] CSV exists, skip export | C:/work/batch_runner/data/csv/SRC_HOST1/A/a2__clsYymm=202312.csv.gz
[2026-02-01 11:21:17,521] [INFO] CSV exists, skip export | C:/work/batch_runner/data/csv/SRC_HOST1/A/a2__clsYymm=202403.csv.gz
[2026-02-01 11:21:17,522] [INFO] CSV exists, skip export | C:/work/batch_runner/data/csv/SRC_HOST1/A/a2__clsYymm=202404.csv.gz
[2026-02-01 11:21:17,522] [INFO] CSV exists, skip export | C:/work/batch_runner/data/csv/SRC_HOST1/B/rate.csv.gz
[2026-02-01 11:21:53,911] [INFO] CSV OK | A/a1.sql | clsYymm=202312 | rows=124 | 0.00MB | 0.09s
[2026-02-01 11:21:53,946] [INFO] CSV OK | A/a1.sql | clsYymm=202403 | rows=2 | 0.00MB | 0.03s
[2026-02-01 11:21:53,984] [WARNING] CSV EMPTY | A/a1.sql | clsYymm=202404 | rows=0
[2026-02-01 11:21:54,044] [INFO] CSV OK | A/a2.sql | clsYymm=202312 | rows=1802 | 0.01MB | 0.06s
[2026-02-01 11:21:54,092] [INFO] CSV OK | A/a2.sql | clsYymm=202403 | rows=1647 | 0.01MB | 0.05s
[2026-02-01 11:21:54,143] [INFO] CSV OK | A/a2.sql | clsYymm=202404 | rows=1534 | 0.01MB | 0.05s
[2026-02-01 11:21:54,177] [INFO] CSV OK | B/rate.sql | - | rows=185 | 0.00MB | 0.03s
[2026-02-01 11:22:49,754] [INFO] CSV OK | A/a1.sql | clsYymm=202312 | rows=124 | 0.00MB | 0.08s
[2026-02-01 11:22:49,788] [INFO] CSV OK | A/a1.sql | clsYymm=202403 | rows=2 | 0.00MB | 0.03s
[2026-02-01 11:22:49,822] [WARNING] CSV EMPTY | A/a1.sql | clsYymm=202404 | rows=0
[2026-02-01 11:22:49,873] [INFO] CSV OK | A/a2.sql | clsYymm=202312 | rows=1802 | 0.01MB | 0.05s
[2026-02-01 11:22:49,923] [INFO] CSV OK | A/a2.sql | clsYymm=202403 | rows=1647 | 0.01MB | 0.05s
[2026-02-01 11:22:49,972] [INFO] CSV OK | A/a2.sql | clsYymm=202404 | rows=1534 | 0.01MB | 0.05s
[2026-02-01 11:22:50,007] [INFO] CSV OK | B/rate.sql | - | rows=185 | 0.00MB | 0.03s
[2026-02-01 11:24:49,386] [INFO] CSV exists, skip export | C:/work/batch_runner/data/csv/SRC_HOST1/A/a1__clsYymm=202312.csv.gz
[2026-02-01 11:24:49,386] [INFO] CSV exists, skip export | C:/work/batch_runner/data/csv/SRC_HOST1/A/a1__clsYymm=202403.csv.gz
[2026-02-01 11:24:49,450] [WARNING] CSV EMPTY | A/a1.sql | clsYymm=202404 | rows=0
[2026-02-01 11:24:49,451] [INFO] CSV exists, skip export | C:/work/batch_runner/data/csv/SRC_HOST1/A/a2__clsYymm=202312.csv.gz
[2026-02-01 11:24:49,451] [INFO] CSV exists, skip export | C:/work/batch_runner/data/csv/SRC_HOST1/A/a2__clsYymm=202403.csv.gz
[2026-02-01 11:24:49,452] [INFO] CSV exists, skip export | C:/work/batch_runner/data/csv/SRC_HOST1/A/a2__clsYymm=202404.csv.gz
[2026-02-01 11:24:49,452] [INFO] CSV exists, skip export | C:/work/batch_runner/data/csv/SRC_HOST1/B/rate.csv.gz
[2026-02-01 11:24:55,360] [INFO] CSV exists, skip export | C:/work/batch_runner/data/csv/SRC_HOST1/A/a1__clsYymm=202312.csv.gz
[2026-02-01 11:24:55,361] [INFO] CSV exists, skip export | C:/work/batch_runner/data/csv/SRC_HOST1/A/a1__clsYymm=202403.csv.gz
[2026-02-01 11:24:55,425] [WARNING] CSV EMPTY | A/a1.sql | clsYymm=202404 | rows=0
[2026-02-01 11:24:55,426] [INFO] CSV exists, skip export | C:/work/batch_runner/data/csv/SRC_HOST1/A/a2__clsYymm=202312.csv.gz
[2026-02-01 11:24:55,426] [INFO] CSV exists, skip export | C:/work/batch_runner/data/csv/SRC_HOST1/A/a2__clsYymm=202403.csv.gz
[2026-02-01 11:24:55,427] [INFO] CSV exists, skip export | C:/work/batch_runner/data/csv/SRC_HOST1/A/a2__clsYymm=202404.csv.gz
[2026-02-01 11:24:55,427] [INFO] CSV exists, skip export | C:/work/batch_runner/data/csv/SRC_HOST1/B/rate.csv.gz
[2026-02-01 11:24:58,447] [INFO] CSV exists, skip export | C:/work/batch_runner/data/csv/SRC_HOST1/A/a1__clsYymm=202312.csv.gz
[2026-02-01 11:24:58,448] [INFO] CSV exists, skip export | C:/work/batch_runner/data/csv/SRC_HOST1/A/a1__clsYymm=202403.csv.gz
[2026-02-01 11:24:58,513] [WARNING] CSV EMPTY | A/a1.sql | clsYymm=202404 | rows=0
[2026-02-01 11:24:58,514] [INFO] CSV exists, skip export | C:/work/batch_runner/data/csv/SRC_HOST1/A/a2__clsYymm=202312.csv.gz
[2026-02-01 11:24:58,514] [INFO] CSV exists, skip export | C:/work/batch_runner/data/csv/SRC_HOST1/A/a2__clsYymm=202403.csv.gz
[2026-02-01 11:24:58,514] [INFO] CSV exists, skip export | C:/work/batch_runner/data/csv/SRC_HOST1/A/a2__clsYymm=202404.csv.gz
[2026-02-01 11:24:58,515] [INFO] CSV exists, skip export | C:/work/batch_runner/data/csv/SRC_HOST1/B/rate.csv.gz
[2026-02-01 11:29:26,645] [INFO] CSV exists, skip export | C:/work/batch_runner/data/csv/SRC_HOST1/A/a1__clsYymm=202312.csv.gz
[2026-02-01 11:29:26,645] [INFO] CSV exists, skip export | C:/work/batch_runner/data/csv/SRC_HOST1/A/a1__clsYymm=202403.csv.gz
[2026-02-01 11:29:26,725] [WARNING] CSV EMPTY | A/a1.sql | clsYymm=202404 | rows=0
[2026-02-01 11:29:26,726] [INFO] CSV exists, skip export | C:/work/batch_runner/data/csv/SRC_HOST1/A/a2__clsYymm=202312.csv.gz
[2026-02-01 11:29:26,726] [INFO] CSV exists, skip export | C:/work/batch_runner/data/csv/SRC_HOST1/A/a2__clsYymm=202403.csv.gz
[2026-02-01 11:29:26,726] [INFO] CSV exists, skip export | C:/work/batch_runner/data/csv/SRC_HOST1/A/a2__clsYymm=202404.csv.gz
[2026-02-01 11:29:26,727] [INFO] CSV exists, skip export | C:/work/batch_runner/data/csv/SRC_HOST1/B/rate.csv.gz
[2026-02-01 11:29:33,984] [INFO] CSV exists, skip export | C:/work/batch_runner/data/csv/SRC_HOST1/A/a1__clsYymm=202312.csv.gz
[2026-02-01 11:29:33,985] [INFO] CSV exists, skip export | C:/work/batch_runner/data/csv/SRC_HOST1/A/a1__clsYymm=202403.csv.gz
[2026-02-01 11:29:34,060] [WARNING] CSV EMPTY | A/a1.sql | clsYymm=202404 | rows=0
[2026-02-01 11:29:34,061] [INFO] CSV exists, skip export | C:/work/batch_runner/data/csv/SRC_HOST1/A/a2__clsYymm=202312.csv.gz
[2026-02-01 11:29:34,061] [INFO] CSV exists, skip export | C:/work/batch_runner/data/csv/SRC_HOST1/A/a2__clsYymm=202403.csv.gz
[2026-02-01 11:29:34,061] [INFO] CSV exists, skip export | C:/work/batch_runner/data/csv/SRC_HOST1/A/a2__clsYymm=202404.csv.gz
[2026-02-01 11:29:34,061] [INFO] CSV exists, skip export | C:/work/batch_runner/data/csv/SRC_HOST1/B/rate.csv.gz
[2026-02-01 11:33:47,749] [ERROR] SQL FAIL | a1.sql | 0.00s | build_param_suffix() takes 1 positional argument but 2 were given
[2026-02-01 11:33:47,750] [ERROR] SQL FAIL | a2.sql | 0.00s | build_param_suffix() takes 1 positional argument but 2 were given
[2026-02-01 11:33:47,750] [ERROR] SQL FAIL | rate.sql | 0.00s | build_param_suffix() takes 1 positional argument but 2 were given
[2026-02-01 11:34:03,487] [ERROR] SQL FAIL | a1.sql | 0.00s | build_param_suffix() takes 1 positional argument but 2 were given
[2026-02-01 11:34:03,488] [ERROR] SQL FAIL | a2.sql | 0.00s | build_param_suffix() takes 1 positional argument but 2 were given
[2026-02-01 11:34:03,488] [ERROR] SQL FAIL | rate.sql | 0.00s | build_param_suffix() takes 1 positional argument but 2 were given
[2026-02-01 11:35:37,551] [INFO] CSV exists, skip export | C:/work/batch_runner/data/csv/SRC_HOST1/A/a1__clsYymm=202312.csv.gz
[2026-02-01 11:35:37,552] [INFO] CSV exists, skip export | C:/work/batch_runner/data/csv/SRC_HOST1/A/a1__clsYymm=202403.csv.gz
[2026-02-01 11:35:37,626] [WARNING] CSV EMPTY | A/a1.sql | clsYymm=202404 | rows=0
[2026-02-01 11:35:37,627] [INFO] CSV exists, skip export | C:/work/batch_runner/data/csv/SRC_HOST1/A/a2__clsYymm=202312.csv.gz
[2026-02-01 11:35:37,627] [INFO] CSV exists, skip export | C:/work/batch_runner/data/csv/SRC_HOST1/A/a2__clsYymm=202403.csv.gz
[2026-02-01 11:35:37,628] [INFO] CSV exists, skip export | C:/work/batch_runner/data/csv/SRC_HOST1/A/a2__clsYymm=202404.csv.gz
[2026-02-01 11:35:37,628] [INFO] CSV exists, skip export | C:/work/batch_runner/data/csv/SRC_HOST1/B/rate.csv.gz
[2026-02-01 11:35:44,113] [INFO] CSV exists, skip export | C:/work/batch_runner/data/csv/SRC_HOST1/A/a1__clsYymm=202312.csv.gz
[2026-02-01 11:35:44,114] [INFO] CSV exists, skip export | C:/work/batch_runner/data/csv/SRC_HOST1/A/a1__clsYymm=202403.csv.gz
[2026-02-01 11:35:44,178] [WARNING] CSV EMPTY | A/a1.sql | clsYymm=202404 | rows=0
[2026-02-01 11:35:44,179] [INFO] CSV exists, skip export | C:/work/batch_runner/data/csv/SRC_HOST1/A/a2__clsYymm=202312.csv.gz
[2026-02-01 11:35:44,179] [INFO] CSV exists, skip export | C:/work/batch_runner/data/csv/SRC_HOST1/A/a2__clsYymm=202403.csv.gz
[2026-02-01 11:35:44,179] [INFO] CSV exists, skip export | C:/work/batch_runner/data/csv/SRC_HOST1/A/a2__clsYymm=202404.csv.gz
[2026-02-01 11:35:44,179] [INFO] CSV exists, skip export | C:/work/batch_runner/data/csv/SRC_HOST1/B/rate.csv.gz
[2026-02-01 11:35:50,891] [INFO] CSV exists, skip export | C:/work/batch_runner/data/csv/SRC_HOST1/A/a1__clsYymm=202312.csv.gz
[2026-02-01 11:35:50,891] [INFO] CSV exists, skip export | C:/work/batch_runner/data/csv/SRC_HOST1/A/a1__clsYymm=202403.csv.gz
[2026-02-01 11:35:50,964] [WARNING] CSV EMPTY | A/a1.sql | clsYymm=202404 | rows=0
[2026-02-01 11:35:50,965] [INFO] CSV exists, skip export | C:/work/batch_runner/data/csv/SRC_HOST1/A/a2__clsYymm=202312.csv.gz
[2026-02-01 11:35:50,965] [INFO] CSV exists, skip export | C:/work/batch_runner/data/csv/SRC_HOST1/A/a2__clsYymm=202403.csv.gz
[2026-02-01 11:35:50,965] [INFO] CSV exists, skip export | C:/work/batch_runner/data/csv/SRC_HOST1/A/a2__clsYymm=202404.csv.gz
[2026-02-01 11:35:50,966] [INFO] CSV exists, skip export | C:/work/batch_runner/data/csv/SRC_HOST1/B/rate.csv.gz
[2026-02-01 11:40:53,107] [ERROR] SQL FAIL | a1.sql | 0.00s | build_param_suffix() takes 1 positional argument but 2 were given
[2026-02-01 11:40:53,107] [ERROR] SQL FAIL | a2.sql | 0.00s | build_param_suffix() takes 1 positional argument but 2 were given
[2026-02-01 11:40:53,107] [ERROR] SQL FAIL | rate.sql | 0.00s | build_param_suffix() takes 1 positional argument but 2 were given
[2026-02-01 11:45:25,463] [INFO] CSV exists, skip export | C:/work/batch_runner/data/csv/SRC_HOST1/A/a1__clsYymm=202312.csv.gz
[2026-02-01 11:45:25,464] [INFO] CSV exists, skip export | C:/work/batch_runner/data/csv/SRC_HOST1/A/a1__clsYymm=202403.csv.gz
[2026-02-01 11:45:25,530] [WARNING] CSV EMPTY | A/a1.sql | clsYymm=202404 | rows=0
[2026-02-01 11:45:25,531] [INFO] CSV exists, skip export | C:/work/batch_runner/data/csv/SRC_HOST1/A/a2__clsYymm=202312.csv.gz
[2026-02-01 11:45:25,531] [INFO] CSV exists, skip export | C:/work/batch_runner/data/csv/SRC_HOST1/A/a2__clsYymm=202403.csv.gz
[2026-02-01 11:45:25,532] [INFO] CSV exists, skip export | C:/work/batch_runner/data/csv/SRC_HOST1/A/a2__clsYymm=202404.csv.gz
[2026-02-01 11:45:25,532] [INFO] CSV exists, skip export | C:/work/batch_runner/data/csv/SRC_HOST1/B/rate.csv.gz
[2026-02-01 11:46:48,864] [INFO] CSV exists, skip export | C:/work/batch_runner/data/csv/SRC_HOST1/A/a1__clsYymm=202312.csv.gz
[2026-02-01 11:46:48,864] [INFO] CSV exists, skip export | C:/work/batch_runner/data/csv/SRC_HOST1/A/a1__clsYymm=202403.csv.gz
[2026-02-01 11:46:48,938] [WARNING] CSV EMPTY | A/a1.sql | clsYymm=202404 | rows=0
[2026-02-01 11:46:48,938] [INFO] CSV exists, skip export | C:/work/batch_runner/data/csv/SRC_HOST1/A/a2__clsYymm=202312.csv.gz
[2026-02-01 11:46:48,939] [INFO] CSV exists, skip export | C:/work/batch_runner/data/csv/SRC_HOST1/A/a2__clsYymm=202403.csv.gz
[2026-02-01 11:46:48,939] [INFO] CSV exists, skip export | C:/work/batch_runner/data/csv/SRC_HOST1/A/a2__clsYymm=202404.csv.gz
[2026-02-01 11:46:48,939] [INFO] CSV exists, skip export | C:/work/batch_runner/data/csv/SRC_HOST1/B/rate.csv.gz
[2026-02-01 11:46:58,755] [INFO] CSV exists, skip export | C:/work/batch_runner/data/csv/SRC_HOST1/A/a1__clsYymm=202312.csv.gz
[2026-02-01 11:46:58,756] [INFO] CSV exists, skip export | C:/work/batch_runner/data/csv/SRC_HOST1/A/a1__clsYymm=202403.csv.gz
[2026-02-01 11:46:58,821] [WARNING] CSV EMPTY | A/a1.sql | clsYymm=202404 | rows=0
[2026-02-01 11:46:58,822] [INFO] CSV exists, skip export | C:/work/batch_runner/data/csv/SRC_HOST1/A/a2__clsYymm=202312.csv.gz
[2026-02-01 11:46:58,823] [INFO] CSV exists, skip export | C:/work/batch_runner/data/csv/SRC_HOST1/A/a2__clsYymm=202403.csv.gz
[2026-02-01 11:46:58,823] [INFO] CSV exists, skip export | C:/work/batch_runner/data/csv/SRC_HOST1/A/a2__clsYymm=202404.csv.gz
[2026-02-01 11:46:58,823] [INFO] CSV exists, skip export | C:/work/batch_runner/data/csv/SRC_HOST1/B/rate.csv.gz
[2026-02-01 11:47:46,013] [INFO] CSV exists, skip export | C:/work/batch_runner/data/csv/SRC_HOST1/A/a1__clsYymm=202312.csv.gz
[2026-02-01 11:47:46,013] [INFO] CSV exists, skip export | C:/work/batch_runner/data/csv/SRC_HOST1/A/a1__clsYymm=202403.csv.gz
[2026-02-01 11:47:46,078] [WARNING] CSV EMPTY | A/a1.sql | clsYymm=202404 | rows=0
[2026-02-01 11:47:46,079] [INFO] CSV exists, skip export | C:/work/batch_runner/data/csv/SRC_HOST1/A/a2__clsYymm=202312.csv.gz
[2026-02-01 11:47:46,079] [INFO] CSV exists, skip export | C:/work/batch_runner/data/csv/SRC_HOST1/A/a2__clsYymm=202403.csv.gz
[2026-02-01 11:47:46,079] [INFO] CSV exists, skip export | C:/work/batch_runner/data/csv/SRC_HOST1/A/a2__clsYymm=202404.csv.gz
[2026-02-01 11:47:46,079] [INFO] CSV exists, skip export | C:/work/batch_runner/data/csv/SRC_HOST1/B/rate.csv.gz
[2026-02-01 11:47:51,733] [INFO] CSV exists, skip export | C:/work/batch_runner/data/csv/SRC_HOST1/A/a1__clsYymm=202312.csv.gz
[2026-02-01 11:47:51,733] [INFO] CSV exists, skip export | C:/work/batch_runner/data/csv/SRC_HOST1/A/a1__clsYymm=202403.csv.gz
[2026-02-01 11:47:51,811] [WARNING] CSV EMPTY | A/a1.sql | clsYymm=202404 | rows=0
[2026-02-01 11:47:51,812] [INFO] CSV exists, skip export | C:/work/batch_runner/data/csv/SRC_HOST1/A/a2__clsYymm=202312.csv.gz
[2026-02-01 11:47:51,812] [INFO] CSV exists, skip export | C:/work/batch_runner/data/csv/SRC_HOST1/A/a2__clsYymm=202403.csv.gz
[2026-02-01 11:47:51,812] [INFO] CSV exists, skip export | C:/work/batch_runner/data/csv/SRC_HOST1/A/a2__clsYymm=202404.csv.gz
[2026-02-01 11:47:51,813] [INFO] CSV exists, skip export | C:/work/batch_runner/data/csv/SRC_HOST1/B/rate.csv.gz
[2026-02-01 11:48:05,756] [INFO] CSV exists, skip export | C:/work/batch_runner/data/csv/SRC_HOST1/A/a1__clsYymm=202312.csv.gz
[2026-02-01 11:48:05,757] [INFO] CSV exists, skip export | C:/work/batch_runner/data/csv/SRC_HOST1/A/a1__clsYymm=202403.csv.gz
[2026-02-01 11:48:05,832] [WARNING] CSV EMPTY | A/a1.sql | clsYymm=202404 | rows=0
[2026-02-01 11:48:05,833] [INFO] CSV exists, skip export | C:/work/batch_runner/data/csv/SRC_HOST1/A/a2__clsYymm=202312.csv.gz
[2026-02-01 11:48:05,833] [INFO] CSV exists, skip export | C:/work/batch_runner/data/csv/SRC_HOST1/A/a2__clsYymm=202403.csv.gz
[2026-02-01 11:48:05,833] [INFO] CSV exists, skip export | C:/work/batch_runner/data/csv/SRC_HOST1/A/a2__clsYymm=202404.csv.gz
[2026-02-01 11:48:05,834] [INFO] CSV exists, skip export | C:/work/batch_runner/data/csv/SRC_HOST1/B/rate.csv.gz
[2026-02-01 11:50:29,832] [INFO] CSV exists, skip export | C:/work/batch_runner/data/csv/SRC_HOST1/A/a1__clsYymm=202312.csv.gz
[2026-02-01 11:50:29,833] [INFO] CSV exists, skip export | C:/work/batch_runner/data/csv/SRC_HOST1/A/a1__clsYymm=202403.csv.gz
[2026-02-01 11:50:29,909] [WARNING] CSV EMPTY | A/a1.sql | clsYymm=202404 | rows=0
[2026-02-01 11:50:29,910] [INFO] CSV exists, skip export | C:/work/batch_runner/data/csv/SRC_HOST1/A/a2__clsYymm=202312.csv.gz
[2026-02-01 11:50:29,910] [INFO] CSV exists, skip export | C:/work/batch_runner/data/csv/SRC_HOST1/A/a2__clsYymm=202403.csv.gz
[2026-02-01 11:50:29,910] [INFO] CSV exists, skip export | C:/work/batch_runner/data/csv/SRC_HOST1/A/a2__clsYymm=202404.csv.gz
[2026-02-01 11:50:29,911] [INFO] CSV exists, skip export | C:/work/batch_runner/data/csv/SRC_HOST1/B/rate.csv.gz
[2026-02-01 11:51:47,823] [INFO] CSV exists, skip export | C:/work/batch_runner/data/csv/SRC_HOST1/A/a1__clsYymm=202312.csv.gz
[2026-02-01 11:51:47,823] [INFO] CSV exists, skip export | C:/work/batch_runner/data/csv/SRC_HOST1/A/a1__clsYymm=202403.csv.gz
[2026-02-01 11:51:47,887] [WARNING] CSV EMPTY | A/a1.sql | clsYymm=202404 | rows=0
[2026-02-01 11:51:47,888] [INFO] CSV exists, skip export | C:/work/batch_runner/data/csv/SRC_HOST1/A/a2__clsYymm=202312.csv.gz
[2026-02-01 11:51:47,888] [INFO] CSV exists, skip export | C:/work/batch_runner/data/csv/SRC_HOST1/A/a2__clsYymm=202403.csv.gz
[2026-02-01 11:51:47,888] [INFO] CSV exists, skip export | C:/work/batch_runner/data/csv/SRC_HOST1/A/a2__clsYymm=202404.csv.gz
[2026-02-01 11:51:47,889] [INFO] CSV exists, skip export | C:/work/batch_runner/data/csv/SRC_HOST1/B/rate.csv.gz
[2026-02-01 11:51:54,532] [INFO] CSV exists, skip export | C:/work/batch_runner/data/csv/SRC_HOST1/A/a1__clsYymm=202312.csv.gz
[2026-02-01 11:51:54,532] [INFO] CSV exists, skip export | C:/work/batch_runner/data/csv/SRC_HOST1/A/a1__clsYymm=202403.csv.gz
[2026-02-01 11:51:54,611] [WARNING] CSV EMPTY | A/a1.sql | clsYymm=202404 | rows=0
[2026-02-01 11:51:54,612] [INFO] CSV exists, skip export | C:/work/batch_runner/data/csv/SRC_HOST1/A/a2__clsYymm=202312.csv.gz
[2026-02-01 11:51:54,612] [INFO] CSV exists, skip export | C:/work/batch_runner/data/csv/SRC_HOST1/A/a2__clsYymm=202403.csv.gz
[2026-02-01 11:51:54,613] [INFO] CSV exists, skip export | C:/work/batch_runner/data/csv/SRC_HOST1/A/a2__clsYymm=202404.csv.gz
[2026-02-01 11:51:54,613] [INFO] CSV exists, skip export | C:/work/batch_runner/data/csv/SRC_HOST1/B/rate.csv.gz
[2026-02-01 11:51:59,919] [INFO] CSV exists, skip export | C:/work/batch_runner/data/csv/SRC_HOST1/A/a1__clsYymm=202312.csv.gz
[2026-02-01 11:51:59,919] [INFO] CSV exists, skip export | C:/work/batch_runner/data/csv/SRC_HOST1/A/a1__clsYymm=202403.csv.gz
[2026-02-01 11:51:59,982] [WARNING] CSV EMPTY | A/a1.sql | clsYymm=202404 | rows=0
[2026-02-01 11:51:59,983] [INFO] CSV exists, skip export | C:/work/batch_runner/data/csv/SRC_HOST1/A/a2__clsYymm=202312.csv.gz
[2026-02-01 11:51:59,983] [INFO] CSV exists, skip export | C:/work/batch_runner/data/csv/SRC_HOST1/A/a2__clsYymm=202403.csv.gz
[2026-02-01 11:51:59,984] [INFO] CSV exists, skip export | C:/work/batch_runner/data/csv/SRC_HOST1/A/a2__clsYymm=202404.csv.gz
[2026-02-01 11:51:59,984] [INFO] CSV exists, skip export | C:/work/batch_runner/data/csv/SRC_HOST1/B/rate.csv.gz
[2026-02-01 11:53:27,137] [INFO] CSV exists, skip export | C:/work/batch_runner/data/csv/SRC_HOST1/A/a1__clsYymm=202312.csv.gz
[2026-02-01 11:53:27,137] [INFO] CSV exists, skip export | C:/work/batch_runner/data/csv/SRC_HOST1/A/a1__clsYymm=202403.csv.gz
[2026-02-01 11:53:27,206] [WARNING] CSV EMPTY | A/a1.sql | clsYymm=202404 | rows=0
[2026-02-01 11:53:27,207] [INFO] CSV exists, skip export | C:/work/batch_runner/data/csv/SRC_HOST1/A/a2__clsYymm=202312.csv.gz
[2026-02-01 11:53:27,207] [INFO] CSV exists, skip export | C:/work/batch_runner/data/csv/SRC_HOST1/A/a2__clsYymm=202403.csv.gz
[2026-02-01 11:53:27,207] [INFO] CSV exists, skip export | C:/work/batch_runner/data/csv/SRC_HOST1/A/a2__clsYymm=202404.csv.gz
[2026-02-01 11:53:27,208] [INFO] CSV exists, skip export | C:/work/batch_runner/data/csv/SRC_HOST1/B/rate.csv.gz
[2026-02-01 11:54:18,796] [INFO] CSV exists, skip export | C:/work/batch_runner/data/csv/SRC_HOST1/A/a1__clsYymm=202312.csv.gz
[2026-02-01 11:54:18,796] [INFO] CSV exists, skip export | C:/work/batch_runner/data/csv/SRC_HOST1/A/a1__clsYymm=202403.csv.gz
[2026-02-01 11:54:18,870] [WARNING] CSV EMPTY | A/a1.sql | clsYymm=202404 | rows=0
[2026-02-01 11:54:18,871] [INFO] CSV exists, skip export | C:/work/batch_runner/data/csv/SRC_HOST1/A/a2__clsYymm=202312.csv.gz
[2026-02-01 11:54:18,872] [INFO] CSV exists, skip export | C:/work/batch_runner/data/csv/SRC_HOST1/A/a2__clsYymm=202403.csv.gz
[2026-02-01 11:54:18,872] [INFO] CSV exists, skip export | C:/work/batch_runner/data/csv/SRC_HOST1/A/a2__clsYymm=202404.csv.gz
[2026-02-01 11:54:18,872] [INFO] CSV exists, skip export | C:/work/batch_runner/data/csv/SRC_HOST1/B/rate.csv.gz
[2026-02-01 11:55:44,953] [INFO] CSV exists, skip export | C:/work/batch_runner/data/csv/SRC_HOST1/A/a1__clsYymm=202312.csv.gz
[2026-02-01 11:55:44,953] [INFO] CSV exists, skip export | C:/work/batch_runner/data/csv/SRC_HOST1/A/a1__clsYymm=202403.csv.gz
[2026-02-01 11:55:45,024] [WARNING] CSV EMPTY | A/a1.sql | clsYymm=202404 | rows=0
[2026-02-01 11:55:45,025] [INFO] CSV exists, skip export | C:/work/batch_runner/data/csv/SRC_HOST1/A/a2__clsYymm=202312.csv.gz
[2026-02-01 11:55:45,025] [INFO] CSV exists, skip export | C:/work/batch_runner/data/csv/SRC_HOST1/A/a2__clsYymm=202403.csv.gz
[2026-02-01 11:55:45,025] [INFO] CSV exists, skip export | C:/work/batch_runner/data/csv/SRC_HOST1/A/a2__clsYymm=202404.csv.gz
[2026-02-01 11:55:45,026] [INFO] CSV exists, skip export | C:/work/batch_runner/data/csv/SRC_HOST1/B/rate.csv.gz
[2026-02-01 11:56:57,543] [INFO] CSV exists, skip export | C:/work/batch_runner/data/csv/SRC_HOST1/A/a1__clsYymm=202312.csv.gz
[2026-02-01 11:56:57,543] [INFO] CSV exists, skip export | C:/work/batch_runner/data/csv/SRC_HOST1/A/a1__clsYymm=202403.csv.gz
[2026-02-01 11:56:57,629] [WARNING] CSV EMPTY | A/a1.sql | clsYymm=202404 | rows=0
[2026-02-01 11:56:57,630] [INFO] CSV exists, skip export | C:/work/batch_runner/data/csv/SRC_HOST1/A/a2__clsYymm=202312.csv.gz
[2026-02-01 11:56:57,630] [INFO] CSV exists, skip export | C:/work/batch_runner/data/csv/SRC_HOST1/A/a2__clsYymm=202403.csv.gz
[2026-02-01 11:56:57,630] [INFO] CSV exists, skip export | C:/work/batch_runner/data/csv/SRC_HOST1/A/a2__clsYymm=202404.csv.gz
[2026-02-01 11:56:57,630] [INFO] CSV exists, skip export | C:/work/batch_runner/data/csv/SRC_HOST1/B/rate.csv.gz
[2026-02-01 11:57:01,768] [INFO] CSV exists, skip export | C:/work/batch_runner/data/csv/SRC_HOST1/A/a1__clsYymm=202312.csv.gz
[2026-02-01 11:57:01,768] [INFO] CSV exists, skip export | C:/work/batch_runner/data/csv/SRC_HOST1/A/a1__clsYymm=202403.csv.gz
[2026-02-01 11:57:01,835] [WARNING] CSV EMPTY | A/a1.sql | clsYymm=202404 | rows=0
[2026-02-01 11:57:01,836] [INFO] CSV exists, skip export | C:/work/batch_runner/data/csv/SRC_HOST1/A/a2__clsYymm=202312.csv.gz
[2026-02-01 11:57:01,836] [INFO] CSV exists, skip export | C:/work/batch_runner/data/csv/SRC_HOST1/A/a2__clsYymm=202403.csv.gz
[2026-02-01 11:57:01,836] [INFO] CSV exists, skip export | C:/work/batch_runner/data/csv/SRC_HOST1/A/a2__clsYymm=202404.csv.gz
[2026-02-01 11:57:01,837] [INFO] CSV exists, skip export | C:/work/batch_runner/data/csv/SRC_HOST1/B/rate.csv.gz
[2026-02-01 11:57:07,528] [INFO] CSV exists, skip export | C:/work/batch_runner/data/csv/SRC_HOST1/A/a1__clsYymm=202312.csv.gz
[2026-02-01 11:57:07,528] [INFO] CSV exists, skip export | C:/work/batch_runner/data/csv/SRC_HOST1/A/a1__clsYymm=202403.csv.gz
[2026-02-01 11:57:07,595] [WARNING] CSV EMPTY | A/a1.sql | clsYymm=202404 | rows=0
[2026-02-01 11:57:07,596] [INFO] CSV exists, skip export | C:/work/batch_runner/data/csv/SRC_HOST1/A/a2__clsYymm=202312.csv.gz
[2026-02-01 11:57:07,596] [INFO] CSV exists, skip export | C:/work/batch_runner/data/csv/SRC_HOST1/A/a2__clsYymm=202403.csv.gz
[2026-02-01 11:57:07,596] [INFO] CSV exists, skip export | C:/work/batch_runner/data/csv/SRC_HOST1/A/a2__clsYymm=202404.csv.gz
[2026-02-01 11:57:07,597] [INFO] CSV exists, skip export | C:/work/batch_runner/data/csv/SRC_HOST1/B/rate.csv.gz
[2026-02-01 11:57:29,942] [INFO] CSV exists, skip export | C:/work/batch_runner/data/csv/SRC_HOST1/A/a1__clsYymm=202312.csv.gz
[2026-02-01 11:57:29,942] [INFO] CSV exists, skip export | C:/work/batch_runner/data/csv/SRC_HOST1/A/a1__clsYymm=202403.csv.gz
[2026-02-01 11:57:30,004] [WARNING] CSV EMPTY | A/a1.sql | clsYymm=202404 | rows=0
[2026-02-01 11:57:30,005] [INFO] CSV exists, skip export | C:/work/batch_runner/data/csv/SRC_HOST1/A/a2__clsYymm=202312.csv.gz
[2026-02-01 11:57:30,005] [INFO] CSV exists, skip export | C:/work/batch_runner/data/csv/SRC_HOST1/A/a2__clsYymm=202403.csv.gz
[2026-02-01 11:57:30,005] [INFO] CSV exists, skip export | C:/work/batch_runner/data/csv/SRC_HOST1/A/a2__clsYymm=202404.csv.gz
[2026-02-01 11:57:30,006] [INFO] CSV exists, skip export | C:/work/batch_runner/data/csv/SRC_HOST1/B/rate.csv.gz
[2026-02-01 11:59:15,624] [INFO] CSV exists, skip export | C:/work/batch_runner/data/csv/SRC_HOST1/A/a1__clsYymm=202312.csv.gz
[2026-02-01 11:59:15,624] [INFO] CSV exists, skip export | C:/work/batch_runner/data/csv/SRC_HOST1/A/a1__clsYymm=202403.csv.gz
[2026-02-01 11:59:15,701] [WARNING] CSV EMPTY | A/a1.sql | clsYymm=202404 | rows=0
[2026-02-01 11:59:15,702] [INFO] CSV exists, skip export | C:/work/batch_runner/data/csv/SRC_HOST1/A/a2__clsYymm=202312.csv.gz
[2026-02-01 11:59:15,702] [INFO] CSV exists, skip export | C:/work/batch_runner/data/csv/SRC_HOST1/A/a2__clsYymm=202403.csv.gz
[2026-02-01 11:59:15,702] [INFO] CSV exists, skip export | C:/work/batch_runner/data/csv/SRC_HOST1/A/a2__clsYymm=202404.csv.gz
[2026-02-01 11:59:15,702] [INFO] CSV exists, skip export | C:/work/batch_runner/data/csv/SRC_HOST1/B/rate.csv.gz
[2026-02-01 11:59:24,531] [INFO] CSV exists, skip export | C:/work/batch_runner/data/csv/SRC_HOST1/A/a1__clsYymm=202312.csv.gz
[2026-02-01 11:59:24,532] [INFO] CSV exists, skip export | C:/work/batch_runner/data/csv/SRC_HOST1/A/a1__clsYymm=202403.csv.gz
[2026-02-01 11:59:24,596] [WARNING] CSV EMPTY | A/a1.sql | clsYymm=202404 | rows=0
[2026-02-01 11:59:24,597] [INFO] CSV exists, skip export | C:/work/batch_runner/data/csv/SRC_HOST1/A/a2__clsYymm=202312.csv.gz
[2026-02-01 11:59:24,597] [INFO] CSV exists, skip export | C:/work/batch_runner/data/csv/SRC_HOST1/A/a2__clsYymm=202403.csv.gz
[2026-02-01 11:59:24,597] [INFO] CSV exists, skip export | C:/work/batch_runner/data/csv/SRC_HOST1/A/a2__clsYymm=202404.csv.gz
[2026-02-01 11:59:24,598] [INFO] CSV exists, skip export | C:/work/batch_runner/data/csv/SRC_HOST1/B/rate.csv.gz
[2026-02-01 12:00:42,355] [INFO] CSV OK | A/a1.sql | clsYymm=202312 | rows=124 | 0.00MB | 0.07s
[2026-02-01 12:00:42,389] [INFO] CSV OK | A/a1.sql | clsYymm=202403 | rows=2 | 0.00MB | 0.03s
[2026-02-01 12:00:42,421] [WARNING] CSV EMPTY | A/a1.sql | clsYymm=202404 | rows=0
[2026-02-01 12:00:42,474] [INFO] CSV OK | A/a2.sql | clsYymm=202312 | rows=1802 | 0.01MB | 0.05s
[2026-02-01 12:00:42,525] [INFO] CSV OK | A/a2.sql | clsYymm=202403 | rows=1647 | 0.01MB | 0.05s
[2026-02-01 12:00:42,594] [INFO] CSV OK | A/a2.sql | clsYymm=202404 | rows=1534 | 0.01MB | 0.07s
[2026-02-01 12:00:42,633] [INFO] CSV OK | B/rate.sql | - | rows=185 | 0.00MB | 0.04s
[2026-02-01 12:19:48,271] [INFO] CSV exists, skip export | C:/work/batch_runner/data/csv/SRC_HOST1/A/a1__clsYymm=202312.csv.gz
[2026-02-01 12:19:48,271] [INFO] CSV exists, skip export | C:/work/batch_runner/data/csv/SRC_HOST1/A/a1__clsYymm=202403.csv.gz
[2026-02-01 12:19:48,354] [WARNING] CSV EMPTY | A/a1.sql | clsYymm=202404 | rows=0
[2026-02-01 12:19:48,355] [INFO] CSV exists, skip export | C:/work/batch_runner/data/csv/SRC_HOST1/A/a2__clsYymm=202312.csv.gz
[2026-02-01 12:19:48,356] [INFO] CSV exists, skip export | C:/work/batch_runner/data/csv/SRC_HOST1/A/a2__clsYymm=202403.csv.gz
[2026-02-01 12:19:48,356] [INFO] CSV exists, skip export | C:/work/batch_runner/data/csv/SRC_HOST1/A/a2__clsYymm=202404.csv.gz
[2026-02-01 12:19:48,356] [INFO] CSV exists, skip export | C:/work/batch_runner/data/csv/SRC_HOST1/B/rate.csv.gz
[2026-02-01 12:20:41,514] [INFO] CSV exists, skip export | C:/work/batch_runner/data/csv/SRC_HOST1/A/a1__clsYymm=202312.csv.gz
[2026-02-01 12:20:41,514] [INFO] CSV exists, skip export | C:/work/batch_runner/data/csv/SRC_HOST1/A/a1__clsYymm=202403.csv.gz
[2026-02-01 12:20:41,580] [WARNING] CSV EMPTY | A/a1.sql | clsYymm=202404 | rows=0
[2026-02-01 12:20:41,581] [INFO] CSV exists, skip export | C:/work/batch_runner/data/csv/SRC_HOST1/A/a2__clsYymm=202312.csv.gz
[2026-02-01 12:20:41,581] [INFO] CSV exists, skip export | C:/work/batch_runner/data/csv/SRC_HOST1/A/a2__clsYymm=202403.csv.gz
[2026-02-01 12:20:41,581] [INFO] CSV exists, skip export | C:/work/batch_runner/data/csv/SRC_HOST1/A/a2__clsYymm=202404.csv.gz
[2026-02-01 12:20:41,581] [INFO] CSV exists, skip export | C:/work/batch_runner/data/csv/SRC_HOST1/B/rate.csv.gz
[2026-02-01 12:21:02,687] [INFO] CSV exists, skip export | C:/work/batch_runner/data/csv/SRC_HOST1/A/a1__clsYymm=202312.csv.gz
[2026-02-01 12:21:02,687] [INFO] CSV exists, skip export | C:/work/batch_runner/data/csv/SRC_HOST1/A/a1__clsYymm=202403.csv.gz
[2026-02-01 12:21:02,760] [WARNING] CSV EMPTY | A/a1.sql | clsYymm=202404 | rows=0
[2026-02-01 12:21:02,761] [INFO] CSV exists, skip export | C:/work/batch_runner/data/csv/SRC_HOST1/A/a2__clsYymm=202312.csv.gz
[2026-02-01 12:21:02,761] [INFO] CSV exists, skip export | C:/work/batch_runner/data/csv/SRC_HOST1/A/a2__clsYymm=202403.csv.gz
[2026-02-01 12:21:02,761] [INFO] CSV exists, skip export | C:/work/batch_runner/data/csv/SRC_HOST1/A/a2__clsYymm=202404.csv.gz
[2026-02-01 12:21:02,762] [INFO] CSV exists, skip export | C:/work/batch_runner/data/csv/SRC_HOST1/B/rate.csv.gz
[2026-02-01 12:21:15,580] [INFO] CSV exists, skip export | C:/work/batch_runner/data/csv/SRC_HOST1/A/a1__clsYymm=202312.csv.gz
[2026-02-01 12:21:15,580] [INFO] CSV exists, skip export | C:/work/batch_runner/data/csv/SRC_HOST1/A/a1__clsYymm=202403.csv.gz
[2026-02-01 12:21:15,659] [WARNING] CSV EMPTY | A/a1.sql | clsYymm=202404 | rows=0
[2026-02-01 12:21:15,659] [INFO] CSV exists, skip export | C:/work/batch_runner/data/csv/SRC_HOST1/A/a2__clsYymm=202312.csv.gz
[2026-02-01 12:21:15,660] [INFO] CSV exists, skip export | C:/work/batch_runner/data/csv/SRC_HOST1/A/a2__clsYymm=202403.csv.gz
[2026-02-01 12:21:15,660] [INFO] CSV exists, skip export | C:/work/batch_runner/data/csv/SRC_HOST1/A/a2__clsYymm=202404.csv.gz
[2026-02-01 12:21:15,660] [INFO] CSV exists, skip export | C:/work/batch_runner/data/csv/SRC_HOST1/B/rate.csv.gz
[2026-02-01 12:21:29,286] [INFO] CSV exists, skip export | C:/work/batch_runner/data/csv/SRC_HOST1/A/a1__clsYymm=202312.csv.gz
[2026-02-01 12:21:29,286] [INFO] CSV exists, skip export | C:/work/batch_runner/data/csv/SRC_HOST1/A/a1__clsYymm=202403.csv.gz
[2026-02-01 12:21:29,349] [WARNING] CSV EMPTY | A/a1.sql | clsYymm=202404 | rows=0
[2026-02-01 12:21:29,350] [INFO] CSV exists, skip export | C:/work/batch_runner/data/csv/SRC_HOST1/A/a2__clsYymm=202312.csv.gz
[2026-02-01 12:21:29,350] [INFO] CSV exists, skip export | C:/work/batch_runner/data/csv/SRC_HOST1/A/a2__clsYymm=202403.csv.gz
[2026-02-01 12:21:29,350] [INFO] CSV exists, skip export | C:/work/batch_runner/data/csv/SRC_HOST1/A/a2__clsYymm=202404.csv.gz
[2026-02-01 12:21:29,351] [INFO] CSV exists, skip export | C:/work/batch_runner/data/csv/SRC_HOST1/B/rate.csv.gz
[2026-02-01 12:22:25,426] [INFO] CSV exists, skip export | C:/work/batch_runner/data/csv/SRC_HOST1/A/a1__clsYymm=202312.csv.gz
[2026-02-01 12:22:25,427] [INFO] CSV exists, skip export | C:/work/batch_runner/data/csv/SRC_HOST1/A/a1__clsYymm=202403.csv.gz
[2026-02-01 12:22:25,489] [WARNING] CSV EMPTY | A/a1.sql | clsYymm=202404 | rows=0
[2026-02-01 12:22:25,490] [INFO] CSV exists, skip export | C:/work/batch_runner/data/csv/SRC_HOST1/A/a2__clsYymm=202312.csv.gz
[2026-02-01 12:22:25,490] [INFO] CSV exists, skip export | C:/work/batch_runner/data/csv/SRC_HOST1/A/a2__clsYymm=202403.csv.gz
[2026-02-01 12:22:25,490] [INFO] CSV exists, skip export | C:/work/batch_runner/data/csv/SRC_HOST1/A/a2__clsYymm=202404.csv.gz
[2026-02-01 12:22:25,491] [INFO] CSV exists, skip export | C:/work/batch_runner/data/csv/SRC_HOST1/B/rate.csv.gz
[2026-02-01 12:23:03,406] [INFO] CSV exists, skip export | C:/work/batch_runner/data/csv/SRC_HOST1/A/a1__clsYymm=202312.csv.gz
[2026-02-01 12:23:03,406] [INFO] CSV exists, skip export | C:/work/batch_runner/data/csv/SRC_HOST1/A/a1__clsYymm=202403.csv.gz
[2026-02-01 12:23:03,470] [WARNING] CSV EMPTY | A/a1.sql | clsYymm=202404 | rows=0
[2026-02-01 12:23:03,471] [INFO] CSV exists, skip export | C:/work/batch_runner/data/csv/SRC_HOST1/A/a2__clsYymm=202312.csv.gz
[2026-02-01 12:23:03,471] [INFO] CSV exists, skip export | C:/work/batch_runner/data/csv/SRC_HOST1/A/a2__clsYymm=202403.csv.gz
[2026-02-01 12:23:03,472] [INFO] CSV exists, skip export | C:/work/batch_runner/data/csv/SRC_HOST1/A/a2__clsYymm=202404.csv.gz
[2026-02-01 12:23:03,472] [INFO] CSV exists, skip export | C:/work/batch_runner/data/csv/SRC_HOST1/B/rate.csv.gz
[2026-02-01 19:05:42,278] [INFO] CSV exists, skip export | C:/work/batch_runner/data/csv/SRC_HOST1/A/a1__clsYymm=202312.csv.gz
[2026-02-01 19:05:42,278] [INFO] CSV exists, skip export | C:/work/batch_runner/data/csv/SRC_HOST1/A/a1__clsYymm=202403.csv.gz
[2026-02-01 19:05:42,383] [WARNING] CSV EMPTY | A/a1.sql | clsYymm=202404 | rows=0
[2026-02-01 19:05:42,385] [INFO] CSV exists, skip export | C:/work/batch_runner/data/csv/SRC_HOST1/A/a2__clsYymm=202312.csv.gz
[2026-02-01 19:05:42,385] [INFO] CSV exists, skip export | C:/work/batch_runner/data/csv/SRC_HOST1/A/a2__clsYymm=202403.csv.gz
[2026-02-01 19:05:42,385] [INFO] CSV exists, skip export | C:/work/batch_runner/data/csv/SRC_HOST1/A/a2__clsYymm=202404.csv.gz
[2026-02-01 19:05:42,385] [INFO] CSV exists, skip export | C:/work/batch_runner/data/csv/SRC_HOST1/B/rate.csv.gz
[2026-02-01 19:07:02,875] [INFO] CSV exists, skip export | C:/work/batch_runner/data/csv/SRC_HOST1/A/a1__clsYymm=202312.csv.gz
[2026-02-01 19:07:02,875] [INFO] CSV exists, skip export | C:/work/batch_runner/data/csv/SRC_HOST1/A/a1__clsYymm=202403.csv.gz
[2026-02-01 19:07:02,942] [WARNING] CSV EMPTY | A/a1.sql | clsYymm=202404 | rows=0
[2026-02-01 19:07:02,943] [INFO] CSV exists, skip export | C:/work/batch_runner/data/csv/SRC_HOST1/A/a2__clsYymm=202312.csv.gz
[2026-02-01 19:07:02,943] [INFO] CSV exists, skip export | C:/work/batch_runner/data/csv/SRC_HOST1/A/a2__clsYymm=202403.csv.gz
[2026-02-01 19:07:02,943] [INFO] CSV exists, skip export | C:/work/batch_runner/data/csv/SRC_HOST1/A/a2__clsYymm=202404.csv.gz
[2026-02-01 19:07:02,944] [INFO] CSV exists, skip export | C:/work/batch_runner/data/csv/SRC_HOST1/B/rate.csv.gz
[2026-02-01 19:15:17,744] [INFO] CSV exists, skip export | C:/work/batch_runner/data/csv/SRC_HOST1/A/a1__clsYymm=202312.csv.gz
[2026-02-01 19:15:17,744] [INFO] CSV exists, skip export | C:/work/batch_runner/data/csv/SRC_HOST1/A/a2__clsYymm=202312.csv.gz
[2026-02-01 19:15:17,745] [INFO] CSV exists, skip export | C:/work/batch_runner/data/csv/SRC_HOST1/B/rate.csv.gz
[2026-02-01 19:34:01,969] [INFO] CSV exists, skip export | C:/work/batch_runner/data/csv/SRC_HOST1/A/a1__clsYymm=202312.csv.gz
[2026-02-01 19:34:01,969] [INFO] CSV exists, skip export | C:/work/batch_runner/data/csv/SRC_HOST1/A/a2__clsYymm=202312.csv.gz
[2026-02-01 19:34:01,969] [INFO] CSV exists, skip export | C:/work/batch_runner/data/csv/SRC_HOST1/B/rate.csv.gz
[2026-02-01 19:34:46,943] [INFO] CSV exists, skip export | C:/work/batch_runner/data/csv/SRC_HOST1/A/a1__clsYymm=202312.csv.gz
[2026-02-01 19:34:46,944] [INFO] CSV exists, skip export | C:/work/batch_runner/data/csv/SRC_HOST1/A/a2__clsYymm=202312.csv.gz
[2026-02-01 19:34:46,944] [INFO] CSV exists, skip export | C:/work/batch_runner/data/csv/SRC_HOST1/B/rate.csv.gz
[2026-02-01 21:13:30,007] [INFO] CSV exists, skip export | C:/work/batch_runner/data/csv/SRC_HOST1/A/a1__clsYymm=202312.csv.gz
[2026-02-01 21:13:30,007] [INFO] CSV exists, skip export | C:/work/batch_runner/data/csv/SRC_HOST1/A/a2__clsYymm=202312.csv.gz
[2026-02-01 21:13:30,008] [INFO] CSV exists, skip export | C:/work/batch_runner/data/csv/SRC_HOST1/B/rate.csv.gz
[2026-02-01 21:14:39,034] [INFO] CSV exists, skip export | C:/work/batch_runner/data/csv/SRC_HOST1/A/a1__clsYymm=202312.csv.gz
[2026-02-01 21:14:39,035] [INFO] CSV exists, skip export | C:/work/batch_runner/data/csv/SRC_HOST1/A/a2__clsYymm=202312.csv.gz
[2026-02-01 21:14:39,035] [INFO] CSV exists, skip export | C:/work/batch_runner/data/csv/SRC_HOST1/B/rate.csv.gz
[2026-02-01 21:15:23,652] [INFO] CSV exists, skip export | C:/work/batch_runner/data/csv/SRC_HOST1/A/a1__clsYymm=202312.csv.gz
[2026-02-01 21:15:23,653] [INFO] CSV exists, skip export | C:/work/batch_runner/data/csv/SRC_HOST1/A/a2__clsYymm=202312.csv.gz
[2026-02-01 21:15:23,653] [INFO] CSV exists, skip export | C:/work/batch_runner/data/csv/SRC_HOST1/B/rate.csv.gz
[2026-02-01 21:15:31,490] [INFO] CSV exists, skip export | C:/work/batch_runner/data/csv/SRC_HOST1/A/a1__clsYymm=202312.csv.gz
[2026-02-01 21:15:31,491] [INFO] CSV exists, skip export | C:/work/batch_runner/data/csv/SRC_HOST1/A/a2__clsYymm=202312.csv.gz
[2026-02-01 21:15:31,491] [INFO] CSV exists, skip export | C:/work/batch_runner/data/csv/SRC_HOST1/B/rate.csv.gz
[2026-02-01 21:17:24,781] [INFO] CSV exists, skip export | C:/work/batch_runner/data/csv/SRC_HOST1/A/a1__clsYymm=202312.csv.gz
[2026-02-01 21:17:24,782] [INFO] CSV exists, skip export | C:/work/batch_runner/data/csv/SRC_HOST1/A/a2__clsYymm=202312.csv.gz
[2026-02-01 21:17:24,782] [INFO] CSV exists, skip export | C:/work/batch_runner/data/csv/SRC_HOST1/B/rate.csv.gz
[2026-02-01 21:18:39,331] [INFO] CSV exists, skip export | C:/work/batch_runner/data/csv/SRC_HOST1/A/a1__clsYymm=202312.csv.gz
[2026-02-01 21:18:39,331] [INFO] CSV exists, skip export | C:/work/batch_runner/data/csv/SRC_HOST1/A/a2__clsYymm=202312.csv.gz
[2026-02-01 21:18:39,332] [INFO] CSV exists, skip export | C:/work/batch_runner/data/csv/SRC_HOST1/B/rate.csv.gz
[2026-02-01 21:20:10,604] [INFO] CSV exists, skip export | C:/work/batch_runner/data/csv/SRC_HOST1/A/a1__clsYymm=202312.csv.gz
[2026-02-01 21:20:10,605] [INFO] CSV exists, skip export | C:/work/batch_runner/data/csv/SRC_HOST1/A/a2__clsYymm=202312.csv.gz
[2026-02-01 21:20:10,605] [INFO] CSV exists, skip export | C:/work/batch_runner/data/csv/SRC_HOST1/B/rate.csv.gz
[2026-02-01 21:25:07,597] [INFO] CSV exists, skip export | C:/work/batch_runner/data/csv/SRC_HOST1/A/a1__clsYymm=202312.csv.gz
[2026-02-01 21:25:07,598] [INFO] CSV exists, skip export | C:/work/batch_runner/data/csv/SRC_HOST1/A/a2__clsYymm=202312.csv.gz
[2026-02-01 21:25:07,599] [INFO] CSV exists, skip export | C:/work/batch_runner/data/csv/SRC_HOST1/B/rate.csv.gz
[2026-02-01 21:26:18,638] [INFO] CSV exists, skip export | C:/work/batch_runner/data/csv/SRC_HOST1/A/a1__clsYymm=202312.csv.gz
[2026-02-01 21:26:18,639] [INFO] CSV exists, skip export | C:/work/batch_runner/data/csv/SRC_HOST1/A/a2__clsYymm=202312.csv.gz
[2026-02-01 21:26:18,639] [INFO] CSV exists, skip export | C:/work/batch_runner/data/csv/SRC_HOST1/B/rate.csv.gz
[2026-02-01 21:26:23,300] [INFO] CSV exists, skip export | C:/work/batch_runner/data/csv/SRC_HOST1/A/a1__clsYymm=202312.csv.gz
[2026-02-01 21:26:23,301] [INFO] CSV exists, skip export | C:/work/batch_runner/data/csv/SRC_HOST1/A/a1__clsYymm=202403.csv.gz
[2026-02-01 21:26:23,301] [INFO] CSV exists, skip export | C:/work/batch_runner/data/csv/SRC_HOST1/A/a2__clsYymm=202312.csv.gz
[2026-02-01 21:26:23,302] [INFO] CSV exists, skip export | C:/work/batch_runner/data/csv/SRC_HOST1/A/a2__clsYymm=202403.csv.gz
[2026-02-01 21:26:23,302] [INFO] CSV exists, skip export | C:/work/batch_runner/data/csv/SRC_HOST1/B/rate.csv.gz
[2026-02-01 21:26:29,882] [INFO] CSV exists, skip export | C:/work/batch_runner/data/csv/SRC_HOST1/A/a1__clsYymm=202312.csv.gz
[2026-02-01 21:26:29,883] [INFO] CSV exists, skip export | C:/work/batch_runner/data/csv/SRC_HOST1/A/a1__clsYymm=202403.csv.gz
[2026-02-01 21:26:29,883] [INFO] CSV exists, skip export | C:/work/batch_runner/data/csv/SRC_HOST1/A/a2__clsYymm=202312.csv.gz
[2026-02-01 21:26:29,883] [INFO] CSV exists, skip export | C:/work/batch_runner/data/csv/SRC_HOST1/A/a2__clsYymm=202403.csv.gz
[2026-02-01 21:26:29,884] [INFO] CSV exists, skip export | C:/work/batch_runner/data/csv/SRC_HOST1/B/rate.csv.gz
[2026-02-01 21:26:56,528] [INFO] CSV exists, skip export | C:/work/batch_runner/data/csv/SRC_HOST1/A/a1__clsYymm=202312.csv.gz
[2026-02-01 21:26:56,528] [INFO] CSV exists, skip export | C:/work/batch_runner/data/csv/SRC_HOST1/A/a1__clsYymm=202403.csv.gz
[2026-02-01 21:26:56,532] [INFO] CSV exists, skip export | C:/work/batch_runner/data/csv/SRC_HOST1/A/a2__clsYymm=202312.csv.gz
[2026-02-01 21:26:56,533] [INFO] CSV exists, skip export | C:/work/batch_runner/data/csv/SRC_HOST1/A/a2__clsYymm=202403.csv.gz
[2026-02-01 21:26:56,537] [INFO] CSV exists, skip export | C:/work/batch_runner/data/csv/SRC_HOST1/B/rate.csv.gz
[2026-02-01 21:29:13,660] [INFO] CSV exists, skip export | C:/work/batch_runner/data/csv/SRC_HOST1/A/a1__clsYymm=202312.csv.gz
[2026-02-01 21:29:13,660] [INFO] CSV exists, skip export | C:/work/batch_runner/data/csv/SRC_HOST1/A/a1__clsYymm=202403.csv.gz
[2026-02-01 21:29:13,661] [INFO] CSV exists, skip export | C:/work/batch_runner/data/csv/SRC_HOST1/A/a2__clsYymm=202312.csv.gz
[2026-02-01 21:29:13,661] [INFO] CSV exists, skip export | C:/work/batch_runner/data/csv/SRC_HOST1/A/a2__clsYymm=202403.csv.gz
[2026-02-01 21:29:13,661] [INFO] CSV exists, skip export | C:/work/batch_runner/data/csv/SRC_HOST1/B/rate.csv.gz
[2026-02-01 21:29:27,382] [INFO] CSV exists, skip export | C:/work/batch_runner/data/csv/SRC_HOST1/A/a1__clsYymm=202312.csv.gz
[2026-02-01 21:29:27,382] [INFO] CSV exists, skip export | C:/work/batch_runner/data/csv/SRC_HOST1/A/a1__clsYymm=202403.csv.gz
[2026-02-01 21:29:27,525] [WARNING] CSV EMPTY | A/a1.sql | clsYymm=202405 | rows=0
[2026-02-01 21:29:27,526] [INFO] CSV exists, skip export | C:/work/batch_runner/data/csv/SRC_HOST1/A/a2__clsYymm=202312.csv.gz
[2026-02-01 21:29:27,526] [INFO] CSV exists, skip export | C:/work/batch_runner/data/csv/SRC_HOST1/A/a2__clsYymm=202403.csv.gz
[2026-02-01 21:29:27,583] [INFO] CSV OK | A/a2.sql | clsYymm=202405 | rows=1456 | 0.01MB | 0.06s
[2026-02-01 21:29:27,583] [INFO] CSV exists, skip export | C:/work/batch_runner/data/csv/SRC_HOST1/B/rate.csv.gz
[2026-02-01 21:29:39,061] [INFO] CSV exists, skip export | C:/work/batch_runner/data/csv/SRC_HOST1/A/a1__clsYymm=202312.csv.gz
[2026-02-01 21:29:39,061] [INFO] CSV exists, skip export | C:/work/batch_runner/data/csv/SRC_HOST1/A/a1__clsYymm=202403.csv.gz
[2026-02-01 21:29:39,127] [WARNING] CSV EMPTY | A/a1.sql | clsYymm=202405 | rows=0
[2026-02-01 21:29:39,128] [INFO] CSV exists, skip export | C:/work/batch_runner/data/csv/SRC_HOST1/A/a2__clsYymm=202312.csv.gz
[2026-02-01 21:29:39,128] [INFO] CSV exists, skip export | C:/work/batch_runner/data/csv/SRC_HOST1/A/a2__clsYymm=202403.csv.gz
[2026-02-01 21:29:39,129] [INFO] CSV exists, skip export | C:/work/batch_runner/data/csv/SRC_HOST1/A/a2__clsYymm=202405.csv.gz
[2026-02-01 21:29:39,129] [INFO] CSV exists, skip export | C:/work/batch_runner/data/csv/SRC_HOST1/B/rate.csv.gz
[2026-02-01 21:30:58,202] [INFO] CSV exists, skip export | C:/work/batch_runner/data/csv/SRC_HOST1/A/a1__clsYymm=202312.csv.gz
[2026-02-01 21:30:58,297] [INFO] CSV OK | A/a1.sql | clsYymm=202401 | rows=1 | 0.00MB | 0.09s
[2026-02-01 21:30:58,331] [WARNING] CSV EMPTY | A/a1.sql | clsYymm=202402 | rows=0
[2026-02-01 21:30:58,331] [INFO] CSV exists, skip export | C:/work/batch_runner/data/csv/SRC_HOST1/A/a1__clsYymm=202403.csv.gz
[2026-02-01 21:30:58,364] [WARNING] CSV EMPTY | A/a1.sql | clsYymm=202404 | rows=0
[2026-02-01 21:30:58,396] [WARNING] CSV EMPTY | A/a1.sql | clsYymm=202405 | rows=0
[2026-02-01 21:30:58,397] [INFO] CSV exists, skip export | C:/work/batch_runner/data/csv/SRC_HOST1/A/a2__clsYymm=202312.csv.gz
[2026-02-01 21:30:58,449] [INFO] CSV OK | A/a2.sql | clsYymm=202401 | rows=1832 | 0.01MB | 0.05s
[2026-02-01 21:30:58,499] [INFO] CSV OK | A/a2.sql | clsYymm=202402 | rows=1693 | 0.01MB | 0.05s
[2026-02-01 21:30:58,499] [INFO] CSV exists, skip export | C:/work/batch_runner/data/csv/SRC_HOST1/A/a2__clsYymm=202403.csv.gz
[2026-02-01 21:30:58,500] [INFO] CSV exists, skip export | C:/work/batch_runner/data/csv/SRC_HOST1/A/a2__clsYymm=202404.csv.gz
[2026-02-01 21:30:58,500] [INFO] CSV exists, skip export | C:/work/batch_runner/data/csv/SRC_HOST1/A/a2__clsYymm=202405.csv.gz
[2026-02-01 21:30:58,501] [INFO] CSV exists, skip export | C:/work/batch_runner/data/csv/SRC_HOST1/B/rate.csv.gz
[2026-02-01 21:31:05,532] [INFO] CSV exists, skip export | C:/work/batch_runner/data/csv/SRC_HOST1/A/a1__clsYymm=202312.csv.gz
[2026-02-01 21:31:05,533] [INFO] CSV exists, skip export | C:/work/batch_runner/data/csv/SRC_HOST1/A/a1__clsYymm=202401.csv.gz
[2026-02-01 21:31:05,595] [WARNING] CSV EMPTY | A/a1.sql | clsYymm=202402 | rows=0
[2026-02-01 21:31:05,596] [INFO] CSV exists, skip export | C:/work/batch_runner/data/csv/SRC_HOST1/A/a1__clsYymm=202403.csv.gz
[2026-02-01 21:31:05,639] [WARNING] CSV EMPTY | A/a1.sql | clsYymm=202404 | rows=0
[2026-02-01 21:31:05,685] [WARNING] CSV EMPTY | A/a1.sql | clsYymm=202405 | rows=0
[2026-02-01 21:31:05,686] [INFO] CSV exists, skip export | C:/work/batch_runner/data/csv/SRC_HOST1/A/a2__clsYymm=202312.csv.gz
[2026-02-01 21:31:05,686] [INFO] CSV exists, skip export | C:/work/batch_runner/data/csv/SRC_HOST1/A/a2__clsYymm=202401.csv.gz
[2026-02-01 21:31:05,687] [INFO] CSV exists, skip export | C:/work/batch_runner/data/csv/SRC_HOST1/A/a2__clsYymm=202402.csv.gz
[2026-02-01 21:31:05,687] [INFO] CSV exists, skip export | C:/work/batch_runner/data/csv/SRC_HOST1/A/a2__clsYymm=202403.csv.gz
[2026-02-01 21:31:05,687] [INFO] CSV exists, skip export | C:/work/batch_runner/data/csv/SRC_HOST1/A/a2__clsYymm=202404.csv.gz
[2026-02-01 21:31:05,687] [INFO] CSV exists, skip export | C:/work/batch_runner/data/csv/SRC_HOST1/A/a2__clsYymm=202405.csv.gz
[2026-02-01 21:31:05,688] [INFO] CSV exists, skip export | C:/work/batch_runner/data/csv/SRC_HOST1/B/rate.csv.gz
[2026-02-01 21:33:46,963] [INFO] Parquet exists, skip export | C:/work/batch_runner/data/parquet/SRC_HOST1/A/a1__clsYymm=202312.parquet
[2026-02-01 21:33:46,964] [INFO] Parquet exists, skip export | C:/work/batch_runner/data/parquet/SRC_HOST1/A/a1__clsYymm=202401.parquet
[2026-02-01 21:33:47,043] [WARNING] PARQUET EMPTY | A/a1.sql__clsYymm=202402 | rows=0
[2026-02-01 21:33:47,043] [INFO] Parquet exists, skip export | C:/work/batch_runner/data/parquet/SRC_HOST1/A/a1__clsYymm=202403.parquet
[2026-02-01 21:33:47,075] [WARNING] PARQUET EMPTY | A/a1.sql__clsYymm=202404 | rows=0
[2026-02-01 21:33:47,107] [WARNING] PARQUET EMPTY | A/a1.sql__clsYymm=202405 | rows=0
[2026-02-01 21:33:47,108] [INFO] Parquet exists, skip export | C:/work/batch_runner/data/parquet/SRC_HOST1/A/a2__clsYymm=202312.parquet
[2026-02-01 21:33:47,108] [INFO] Parquet exists, skip export | C:/work/batch_runner/data/parquet/SRC_HOST1/A/a2__clsYymm=202401.parquet
[2026-02-01 21:33:47,108] [INFO] Parquet exists, skip export | C:/work/batch_runner/data/parquet/SRC_HOST1/A/a2__clsYymm=202402.parquet
[2026-02-01 21:33:47,109] [INFO] Parquet exists, skip export | C:/work/batch_runner/data/parquet/SRC_HOST1/A/a2__clsYymm=202403.parquet
[2026-02-01 21:33:47,109] [INFO] Parquet exists, skip export | C:/work/batch_runner/data/parquet/SRC_HOST1/A/a2__clsYymm=202404.parquet
[2026-02-01 21:33:47,109] [INFO] Parquet exists, skip export | C:/work/batch_runner/data/parquet/SRC_HOST1/A/a2__clsYymm=202405.parquet
[2026-02-01 21:33:47,110] [INFO] Parquet exists, skip export | C:/work/batch_runner/data/parquet/SRC_HOST1/B/rate.parquet
[2026-02-01 21:33:57,595] [INFO] Parquet exists, skip export | C:/work/batch_runner/data/parquet/SRC_HOST1/A/a1__clsYymm=202312.parquet
[2026-02-01 21:33:57,595] [INFO] Parquet exists, skip export | C:/work/batch_runner/data/parquet/SRC_HOST1/A/a1__clsYymm=202401.parquet
[2026-02-01 21:33:57,667] [WARNING] PARQUET EMPTY | A/a1.sql__clsYymm=202402 | rows=0
[2026-02-01 21:33:57,667] [INFO] Parquet exists, skip export | C:/work/batch_runner/data/parquet/SRC_HOST1/A/a1__clsYymm=202403.parquet
[2026-02-01 21:33:57,699] [WARNING] PARQUET EMPTY | A/a1.sql__clsYymm=202404 | rows=0
[2026-02-01 21:33:57,732] [WARNING] PARQUET EMPTY | A/a1.sql__clsYymm=202405 | rows=0
[2026-02-01 21:33:57,733] [INFO] Parquet exists, skip export | C:/work/batch_runner/data/parquet/SRC_HOST1/A/a2__clsYymm=202312.parquet
[2026-02-01 21:33:57,734] [INFO] Parquet exists, skip export | C:/work/batch_runner/data/parquet/SRC_HOST1/A/a2__clsYymm=202401.parquet
[2026-02-01 21:33:57,734] [INFO] Parquet exists, skip export | C:/work/batch_runner/data/parquet/SRC_HOST1/A/a2__clsYymm=202402.parquet
[2026-02-01 21:33:57,734] [INFO] Parquet exists, skip export | C:/work/batch_runner/data/parquet/SRC_HOST1/A/a2__clsYymm=202403.parquet
[2026-02-01 21:33:57,735] [INFO] Parquet exists, skip export | C:/work/batch_runner/data/parquet/SRC_HOST1/A/a2__clsYymm=202404.parquet
[2026-02-01 21:33:57,735] [INFO] Parquet exists, skip export | C:/work/batch_runner/data/parquet/SRC_HOST1/A/a2__clsYymm=202405.parquet
[2026-02-01 21:33:57,735] [INFO] Parquet exists, skip export | C:/work/batch_runner/data/parquet/SRC_HOST1/B/rate.parquet
[2026-02-01 21:34:45,516] [INFO] CSV exists, skip export | C:/work/batch_runner/data/csv/SRC_HOST1/A/a1__clsYymm=202312.csv.gz
[2026-02-01 21:34:45,517] [INFO] CSV exists, skip export | C:/work/batch_runner/data/csv/SRC_HOST1/A/a1__clsYymm=202401.csv.gz
[2026-02-01 21:34:45,594] [WARNING] CSV EMPTY | A/a1.sql | clsYymm=202402 | rows=0
[2026-02-01 21:34:45,595] [INFO] CSV exists, skip export | C:/work/batch_runner/data/csv/SRC_HOST1/A/a1__clsYymm=202403.csv.gz
[2026-02-01 21:34:45,627] [WARNING] CSV EMPTY | A/a1.sql | clsYymm=202404 | rows=0
[2026-02-01 21:34:45,660] [WARNING] CSV EMPTY | A/a1.sql | clsYymm=202405 | rows=0
[2026-02-01 21:34:45,661] [INFO] CSV exists, skip export | C:/work/batch_runner/data/csv/SRC_HOST1/A/a2__clsYymm=202312.csv.gz
[2026-02-01 21:34:45,661] [INFO] CSV exists, skip export | C:/work/batch_runner/data/csv/SRC_HOST1/A/a2__clsYymm=202401.csv.gz
[2026-02-01 21:34:45,661] [INFO] CSV exists, skip export | C:/work/batch_runner/data/csv/SRC_HOST1/A/a2__clsYymm=202402.csv.gz
[2026-02-01 21:34:45,661] [INFO] CSV exists, skip export | C:/work/batch_runner/data/csv/SRC_HOST1/A/a2__clsYymm=202403.csv.gz
[2026-02-01 21:34:45,662] [INFO] CSV exists, skip export | C:/work/batch_runner/data/csv/SRC_HOST1/A/a2__clsYymm=202404.csv.gz
[2026-02-01 21:34:45,662] [INFO] CSV exists, skip export | C:/work/batch_runner/data/csv/SRC_HOST1/A/a2__clsYymm=202405.csv.gz
[2026-02-01 21:34:45,662] [INFO] CSV exists, skip export | C:/work/batch_runner/data/csv/SRC_HOST1/B/rate.csv.gz
[2026-02-01 21:34:56,816] [INFO] CSV exists, skip export | C:/work/batch_runner/data/csv/SRC_HOST1/A/a1__clsYymm=202312.csv.gz
[2026-02-01 21:34:56,816] [INFO] CSV exists, skip export | C:/work/batch_runner/data/csv/SRC_HOST1/A/a1__clsYymm=202401.csv.gz
[2026-02-01 21:34:56,889] [WARNING] CSV EMPTY | A/a1.sql | clsYymm=202402 | rows=0
[2026-02-01 21:34:56,889] [INFO] CSV exists, skip export | C:/work/batch_runner/data/csv/SRC_HOST1/A/a1__clsYymm=202403.csv.gz
[2026-02-01 21:34:56,921] [WARNING] CSV EMPTY | A/a1.sql | clsYymm=202404 | rows=0
[2026-02-01 21:34:56,952] [WARNING] CSV EMPTY | A/a1.sql | clsYymm=202405 | rows=0
[2026-02-01 21:34:56,953] [INFO] CSV exists, skip export | C:/work/batch_runner/data/csv/SRC_HOST1/A/a2__clsYymm=202312.csv.gz
[2026-02-01 21:34:56,954] [INFO] CSV exists, skip export | C:/work/batch_runner/data/csv/SRC_HOST1/A/a2__clsYymm=202401.csv.gz
[2026-02-01 21:34:56,954] [INFO] CSV exists, skip export | C:/work/batch_runner/data/csv/SRC_HOST1/A/a2__clsYymm=202402.csv.gz
[2026-02-01 21:34:56,954] [INFO] CSV exists, skip export | C:/work/batch_runner/data/csv/SRC_HOST1/A/a2__clsYymm=202403.csv.gz
[2026-02-01 21:34:56,954] [INFO] CSV exists, skip export | C:/work/batch_runner/data/csv/SRC_HOST1/A/a2__clsYymm=202404.csv.gz
[2026-02-01 21:34:56,954] [INFO] CSV exists, skip export | C:/work/batch_runner/data/csv/SRC_HOST1/A/a2__clsYymm=202405.csv.gz
[2026-02-01 21:34:56,955] [INFO] CSV exists, skip export | C:/work/batch_runner/data/csv/SRC_HOST1/B/rate.csv.gz
[2026-02-01 21:42:00,202] [INFO] CSV exists, skip export | C:/work/batch_runner/data/csv/SRC_HOST1/A/a1__clsYymm=202312.csv.gz
[2026-02-01 21:42:00,202] [INFO] CSV exists, skip export | C:/work/batch_runner/data/csv/SRC_HOST1/A/a1__clsYymm=202401.csv.gz
[2026-02-01 21:42:00,274] [WARNING] CSV EMPTY | A/a1.sql | clsYymm=202402 | rows=0
[2026-02-01 21:42:00,274] [INFO] CSV exists, skip export | C:/work/batch_runner/data/csv/SRC_HOST1/A/a1__clsYymm=202403.csv.gz
[2026-02-01 21:42:00,306] [WARNING] CSV EMPTY | A/a1.sql | clsYymm=202404 | rows=0
[2026-02-01 21:42:00,338] [WARNING] CSV EMPTY | A/a1.sql | clsYymm=202405 | rows=0
[2026-02-01 21:42:00,339] [INFO] CSV exists, skip export | C:/work/batch_runner/data/csv/SRC_HOST1/A/a2__clsYymm=202312.csv.gz
[2026-02-01 21:42:00,339] [INFO] CSV exists, skip export | C:/work/batch_runner/data/csv/SRC_HOST1/A/a2__clsYymm=202401.csv.gz
[2026-02-01 21:42:00,340] [INFO] CSV exists, skip export | C:/work/batch_runner/data/csv/SRC_HOST1/A/a2__clsYymm=202402.csv.gz
[2026-02-01 21:42:00,340] [INFO] CSV exists, skip export | C:/work/batch_runner/data/csv/SRC_HOST1/A/a2__clsYymm=202403.csv.gz
[2026-02-01 21:42:00,340] [INFO] CSV exists, skip export | C:/work/batch_runner/data/csv/SRC_HOST1/A/a2__clsYymm=202404.csv.gz
[2026-02-01 21:42:00,340] [INFO] CSV exists, skip export | C:/work/batch_runner/data/csv/SRC_HOST1/A/a2__clsYymm=202405.csv.gz
[2026-02-01 21:42:00,341] [INFO] CSV exists, skip export | C:/work/batch_runner/data/csv/SRC_HOST1/B/rate.csv.gz
[2026-02-01 21:44:04,785] [INFO] CSV exists, skip export | C:/work/batch_runner/data/csv/SRC_HOST1/A/a1__clsYymm=202312.csv.gz
[2026-02-01 21:44:04,785] [INFO] CSV exists, skip export | C:/work/batch_runner/data/csv/SRC_HOST1/A/a1__clsYymm=202401.csv.gz
[2026-02-01 21:44:04,853] [WARNING] CSV EMPTY | A/a1.sql | clsYymm=202402 | rows=0
[2026-02-01 21:44:04,854] [INFO] CSV exists, skip export | C:/work/batch_runner/data/csv/SRC_HOST1/A/a1__clsYymm=202403.csv.gz
[2026-02-01 21:44:04,886] [WARNING] CSV EMPTY | A/a1.sql | clsYymm=202404 | rows=0
[2026-02-01 21:44:04,917] [WARNING] CSV EMPTY | A/a1.sql | clsYymm=202405 | rows=0
[2026-02-01 21:44:04,918] [INFO] CSV exists, skip export | C:/work/batch_runner/data/csv/SRC_HOST1/A/a2__clsYymm=202312.csv.gz
[2026-02-01 21:44:04,918] [INFO] CSV exists, skip export | C:/work/batch_runner/data/csv/SRC_HOST1/A/a2__clsYymm=202401.csv.gz
[2026-02-01 21:44:04,918] [INFO] CSV exists, skip export | C:/work/batch_runner/data/csv/SRC_HOST1/A/a2__clsYymm=202402.csv.gz
[2026-02-01 21:44:04,918] [INFO] CSV exists, skip export | C:/work/batch_runner/data/csv/SRC_HOST1/A/a2__clsYymm=202403.csv.gz
[2026-02-01 21:44:04,919] [INFO] CSV exists, skip export | C:/work/batch_runner/data/csv/SRC_HOST1/A/a2__clsYymm=202404.csv.gz
[2026-02-01 21:44:04,919] [INFO] CSV exists, skip export | C:/work/batch_runner/data/csv/SRC_HOST1/A/a2__clsYymm=202405.csv.gz
[2026-02-01 21:44:04,919] [INFO] CSV exists, skip export | C:/work/batch_runner/data/csv/SRC_HOST1/B/rate.csv.gz
