2026-02-15 23:49:41 | INFO | 
2026-02-15 23:49:41 | INFO | ============================================================
2026-02-15 23:49:41 | INFO |  JOB START
2026-02-15 23:49:41 | INFO | ------------------------------------------------------------
2026-02-15 23:49:41 | INFO |  Job Name : test_pipeline
2026-02-15 23:49:41 | INFO |  Run ID   : 20260215_234941
2026-02-15 23:49:41 | INFO |  Mode     : Plan
2026-02-15 23:49:41 | INFO |  Source   : oracle
2026-02-15 23:49:41 | INFO |  Host     : local
2026-02-15 23:49:41 | INFO |  SQL Dir  : sql/export
2026-02-15 23:49:41 | INFO |  Out Dir  : data/export
2026-02-15 23:49:41 | INFO |  Params   : clsYymm=202512
2026-02-15 23:49:41 | INFO |  WORK Dir : C:\work\batch_runner_v1.1
2026-02-15 23:49:41 | INFO |  Log file : C:\work\batch_runner_v1.1\logs\run_20260215.log
2026-02-15 23:49:41 | INFO | ============================================================
2026-02-15 23:49:41 | INFO | 
2026-02-15 23:49:41 | INFO | 
2026-02-15 23:49:41 | INFO | ============================================================
2026-02-15 23:49:41 | INFO |  PIPELINE START
2026-02-15 23:49:41 | INFO | ------------------------------------------------------------
2026-02-15 23:49:41 | INFO | Stages total=4 | ['export', 'load_local', 'postwork', 'report']
2026-02-15 23:49:41 | INFO | 
2026-02-15 23:49:41 | INFO | [1/4] EXPORT
2026-02-15 23:49:41 | INFO | ------------------------------------------------------------
2026-02-15 23:49:41 | INFO | PLAN SQL [1/3] : 01_a1.sql
2026-02-15 23:49:41 | INFO | Preview:
2026-02-15 23:49:41 | INFO |   select * from CONTRACT_INFO
2026-02-15 23:49:41 | INFO |   where TO_CHAR(CONTRACT_DATE, 'YYYYMM') = 202512
2026-02-15 23:49:41 | INFO | 
2026-02-15 23:49:41 | INFO | PLAN SQL [2/3] : 02_a2.sql
2026-02-15 23:49:41 | INFO | Preview:
2026-02-15 23:49:41 | INFO |   select * from DEPOSIT_INFO
2026-02-15 23:49:41 | INFO |   where TO_CHAR(DEPOSIT_DATE, 'YYYYMM') = 202512
2026-02-15 23:49:41 | INFO | 
2026-02-15 23:49:41 | INFO | PLAN SQL [3/3] : 03_a3.sql
2026-02-15 23:49:41 | WARNING | SQL ends with semicolon; removing automatically
2026-02-15 23:49:41 | INFO | Preview:
2026-02-15 23:49:41 | INFO |       an_py_stdt,    
2026-02-15 23:49:41 | INFO |       reg_dtm,
2026-02-15 23:49:41 | INFO |       upd_dtm
2026-02-15 23:49:41 | INFO |   FROM
2026-02-15 23:49:41 | INFO |       contract
2026-02-15 23:49:41 | INFO |   WHERE  TO_CHAR(ins_st, 'YYYYMM') = '202512'
2026-02-15 23:49:41 | INFO | 
2026-02-15 23:49:41 | INFO | Plan file generated: logs\plan_20260215_234941.log
2026-02-15 23:49:41 | INFO | ------------------------------------------------------------
2026-02-15 23:49:41 | INFO | [1/4] EXPORT DONE (0.00s)
2026-02-15 23:49:41 | INFO | 
2026-02-15 23:49:41 | INFO | [2/4] LOAD_LOCAL
2026-02-15 23:49:41 | INFO | ------------------------------------------------------------
2026-02-15 23:49:41 | INFO | LOAD stage start
2026-02-15 23:49:41 | INFO | LOAD stage end
2026-02-15 23:49:41 | INFO | ------------------------------------------------------------
2026-02-15 23:49:41 | INFO | [2/4] LOAD_LOCAL DONE (0.00s)
2026-02-15 23:49:41 | INFO | 
2026-02-15 23:49:41 | INFO | [3/4] POSTWORK
2026-02-15 23:49:41 | INFO | ------------------------------------------------------------
2026-02-15 23:49:41 | INFO | POSTWORK stage start
2026-02-15 23:49:41 | INFO | POSTWORK stage end
2026-02-15 23:49:41 | INFO | ------------------------------------------------------------
2026-02-15 23:49:41 | INFO | [3/4] POSTWORK DONE (0.00s)
2026-02-15 23:49:41 | INFO | 
2026-02-15 23:49:41 | INFO | [4/4] REPORT
2026-02-15 23:49:41 | INFO | ------------------------------------------------------------
2026-02-15 23:49:41 | INFO | REPORT stage start
2026-02-15 23:49:41 | INFO | REPORT csv export | sql_dir=sql/report/ out_dir=data/report/
2026-02-15 23:49:41 | INFO | REPORT excel export skipped
2026-02-15 23:49:41 | INFO | REPORT stage end
2026-02-15 23:49:41 | INFO | ------------------------------------------------------------
2026-02-15 23:49:41 | INFO | [4/4] REPORT DONE (0.00s)
2026-02-15 23:49:41 | INFO | 
2026-02-15 23:49:41 | INFO | ============== PIPELINE FINISHED ==============
2026-02-15 23:49:41 | INFO | Job finished
2026-02-15 23:49:59 | INFO | 
2026-02-15 23:49:59 | INFO | ============================================================
2026-02-15 23:49:59 | INFO |  JOB START
2026-02-15 23:49:59 | INFO | ------------------------------------------------------------
2026-02-15 23:49:59 | INFO |  Job Name : test_pipeline
2026-02-15 23:49:59 | INFO |  Run ID   : 20260215_234959
2026-02-15 23:49:59 | INFO |  Mode     : Run
2026-02-15 23:49:59 | INFO |  Source   : oracle
2026-02-15 23:49:59 | INFO |  Host     : local
2026-02-15 23:49:59 | INFO |  SQL Dir  : sql/export
2026-02-15 23:49:59 | INFO |  Out Dir  : data/export
2026-02-15 23:49:59 | INFO |  Params   : clsYymm=202512
2026-02-15 23:49:59 | INFO |  WORK Dir : C:\work\batch_runner_v1.1
2026-02-15 23:49:59 | INFO |  Log file : C:\work\batch_runner_v1.1\logs\run_20260215.log
2026-02-15 23:49:59 | INFO | ============================================================
2026-02-15 23:49:59 | INFO | 
2026-02-15 23:49:59 | INFO | 
2026-02-15 23:49:59 | INFO | ============================================================
2026-02-15 23:49:59 | INFO |  PIPELINE START
2026-02-15 23:49:59 | INFO | ------------------------------------------------------------
2026-02-15 23:49:59 | INFO | Stages total=4 | ['export', 'load_local', 'postwork', 'report']
2026-02-15 23:49:59 | INFO | 
2026-02-15 23:49:59 | INFO | [1/4] EXPORT
2026-02-15 23:49:59 | INFO | ------------------------------------------------------------
2026-02-15 23:50:00 | INFO | Oracle client mode: thick
2026-02-15 23:50:00 | INFO | Oracle client mode: thick
2026-02-15 23:50:00 | INFO | Oracle connection established
2026-02-15 23:50:00 | INFO | ------------------------------------------------------------
2026-02-15 23:50:00 | INFO | SQL execution order:
2026-02-15 23:50:00 | INFO |   01_a1.sql
2026-02-15 23:50:00 | INFO |   02_a2.sql
2026-02-15 23:50:00 | INFO |   03_a3.sql
2026-02-15 23:50:00 | INFO | 
2026-02-15 23:50:00 | INFO | SQL count: 3
2026-02-15 23:50:00 | INFO | ------------------------------------------------------------
2026-02-15 23:50:00 | INFO | Output format: CSV
2026-02-15 23:50:00 | INFO | Compression: GZIP
2026-02-15 23:50:00 | INFO | Overwrite mode: True
2026-02-15 23:50:00 | INFO | ------------------------------------------------------------
2026-02-15 23:50:00 | INFO | EXPORT SQL [1/3] start: 01_a1.sql
2026-02-15 23:50:00 | INFO | overwrite: 01_a1.csv.gz
2026-02-15 23:50:00 | INFO | CSV export completed | rows=0 file=data\export\01_a1.csv.gz
2026-02-15 23:50:00 | INFO | EXPORT SQL [1/3] end: 01_a1.sql | rows=0 | size=0.00MB | elapsed=0.01s
2026-02-15 23:50:00 | INFO | EXPORT SQL [2/3] start: 02_a2.sql
2026-02-15 23:50:00 | INFO | overwrite: 02_a2.csv.gz
2026-02-15 23:50:00 | INFO | CSV export completed | rows=1000 file=data\export\02_a2.csv.gz
2026-02-15 23:50:00 | INFO | EXPORT SQL [2/3] end: 02_a2.sql | rows=1000 | size=0.01MB | elapsed=0.02s
2026-02-15 23:50:00 | INFO | EXPORT SQL [3/3] start: 03_a3.sql
2026-02-15 23:50:00 | INFO | CSV export completed | rows=0 file=data\export\03_a3.csv.gz
2026-02-15 23:50:00 | INFO | EXPORT SQL [3/3] end: 03_a3.sql | rows=0 | size=0.00MB | elapsed=0.01s
2026-02-15 23:50:00 | INFO | 
2026-02-15 23:50:00 | INFO | DB connection closed
2026-02-15 23:50:00 | INFO | ------------------------------------------------------------
2026-02-15 23:50:00 | INFO | [1/4] EXPORT DONE (0.91s)
2026-02-15 23:50:00 | INFO | 
2026-02-15 23:50:00 | INFO | [2/4] LOAD_LOCAL
2026-02-15 23:50:00 | INFO | ------------------------------------------------------------
2026-02-15 23:50:00 | INFO | LOAD stage start
2026-02-15 23:50:00 | INFO | LOAD stage end
2026-02-15 23:50:00 | INFO | ------------------------------------------------------------
2026-02-15 23:50:00 | INFO | [2/4] LOAD_LOCAL DONE (0.00s)
2026-02-15 23:50:00 | INFO | 
2026-02-15 23:50:00 | INFO | [3/4] POSTWORK
2026-02-15 23:50:00 | INFO | ------------------------------------------------------------
2026-02-15 23:50:00 | INFO | POSTWORK stage start
2026-02-15 23:50:00 | INFO | POSTWORK stage end
2026-02-15 23:50:00 | INFO | ------------------------------------------------------------
2026-02-15 23:50:00 | INFO | [3/4] POSTWORK DONE (0.00s)
2026-02-15 23:50:00 | INFO | 
2026-02-15 23:50:00 | INFO | [4/4] REPORT
2026-02-15 23:50:00 | INFO | ------------------------------------------------------------
2026-02-15 23:50:00 | INFO | REPORT stage start
2026-02-15 23:50:00 | INFO | REPORT csv export | sql_dir=sql/report/ out_dir=data/report/
2026-02-15 23:50:00 | INFO | REPORT excel export skipped
2026-02-15 23:50:00 | INFO | REPORT stage end
2026-02-15 23:50:00 | INFO | ------------------------------------------------------------
2026-02-15 23:50:00 | INFO | [4/4] REPORT DONE (0.00s)
2026-02-15 23:50:00 | INFO | 
2026-02-15 23:50:00 | INFO | ============== PIPELINE FINISHED ==============
2026-02-15 23:50:00 | INFO | Job finished
2026-02-15 23:53:06 | INFO | 
2026-02-15 23:53:06 | INFO | ============================================================
2026-02-15 23:53:06 | INFO |  JOB START
2026-02-15 23:53:06 | INFO | ------------------------------------------------------------
2026-02-15 23:53:06 | INFO |  Job Name : test_pipeline
2026-02-15 23:53:06 | INFO |  Run ID   : 20260215_235306
2026-02-15 23:53:06 | INFO |  Mode     : Run
2026-02-15 23:53:06 | INFO |  Source   : oracle
2026-02-15 23:53:06 | INFO |  Host     : local
2026-02-15 23:53:06 | INFO |  SQL Dir  : sql/export
2026-02-15 23:53:06 | INFO |  Out Dir  : data/export
2026-02-15 23:53:06 | INFO |  Params   : clsYymm=202512
2026-02-15 23:53:06 | INFO |  WORK Dir : C:\work\batch_runner_v1.1
2026-02-15 23:53:06 | INFO |  Log file : C:\work\batch_runner_v1.1\logs\run_20260215.log
2026-02-15 23:53:06 | INFO | ============================================================
2026-02-15 23:53:06 | INFO | 
2026-02-15 23:53:06 | INFO | 
2026-02-15 23:53:06 | INFO | ============================================================
2026-02-15 23:53:06 | INFO |  PIPELINE START
2026-02-15 23:53:06 | INFO | ------------------------------------------------------------
2026-02-15 23:53:06 | INFO | Stages total=4 | ['export', 'load_local', 'postwork', 'report']
2026-02-15 23:53:06 | INFO | 
2026-02-15 23:53:06 | INFO | [1/4] EXPORT
2026-02-15 23:53:06 | INFO | ------------------------------------------------------------
2026-02-15 23:53:06 | INFO | Oracle client mode: thick
2026-02-15 23:53:06 | INFO | Oracle connection established
2026-02-15 23:53:06 | INFO | ------------------------------------------------------------
2026-02-15 23:53:06 | INFO | SQL execution order:
2026-02-15 23:53:06 | INFO |   01_a1.sql
2026-02-15 23:53:06 | INFO |   02_a2.sql
2026-02-15 23:53:06 | INFO |   03_a3.sql
2026-02-15 23:53:06 | INFO | 
2026-02-15 23:53:06 | INFO | SQL count: 3
2026-02-15 23:53:06 | INFO | ------------------------------------------------------------
2026-02-15 23:53:06 | INFO | Output format: CSV
2026-02-15 23:53:06 | INFO | Compression: GZIP
2026-02-15 23:53:06 | INFO | Overwrite mode: True
2026-02-15 23:53:06 | INFO | Run mode: run
2026-02-15 23:53:06 | INFO | ------------------------------------------------------------
2026-02-15 23:53:06 | INFO | overwrite: 01_a1.csv.gz
2026-02-15 23:53:06 | INFO | EXPORT SQL [1/3] start: 01_a1.sql
2026-02-15 23:53:06 | INFO | CSV export completed | rows=0 file=data\export\01_a1.csv.gz
2026-02-15 23:53:06 | INFO | EXPORT SQL [1/3] end: 01_a1.sql | rows=0 | size=0.00MB | elapsed=0.00s
2026-02-15 23:53:06 | INFO | overwrite: 02_a2.csv.gz
2026-02-15 23:53:06 | INFO | EXPORT SQL [2/3] start: 02_a2.sql
2026-02-15 23:53:06 | INFO | CSV export completed | rows=1000 file=data\export\02_a2.csv.gz
2026-02-15 23:53:06 | INFO | EXPORT SQL [2/3] end: 02_a2.sql | rows=1000 | size=0.01MB | elapsed=0.02s
2026-02-15 23:53:06 | INFO | overwrite: 03_a3.csv.gz
2026-02-15 23:53:06 | INFO | EXPORT SQL [3/3] start: 03_a3.sql
2026-02-15 23:53:06 | INFO | CSV export completed | rows=0 file=data\export\03_a3.csv.gz
2026-02-15 23:53:06 | INFO | EXPORT SQL [3/3] end: 03_a3.sql | rows=0 | size=0.00MB | elapsed=0.01s
2026-02-15 23:53:06 | INFO | 
2026-02-15 23:53:06 | INFO | DB connection closed
2026-02-15 23:53:06 | INFO | ------------------------------------------------------------
2026-02-15 23:53:06 | INFO | [1/4] EXPORT DONE (0.13s)
2026-02-15 23:53:06 | INFO | 
2026-02-15 23:53:06 | INFO | [2/4] LOAD_LOCAL
2026-02-15 23:53:06 | INFO | ------------------------------------------------------------
2026-02-15 23:53:06 | INFO | LOAD stage start
2026-02-15 23:53:06 | INFO | LOAD stage end
2026-02-15 23:53:06 | INFO | ------------------------------------------------------------
2026-02-15 23:53:06 | INFO | [2/4] LOAD_LOCAL DONE (0.00s)
2026-02-15 23:53:06 | INFO | 
2026-02-15 23:53:06 | INFO | [3/4] POSTWORK
2026-02-15 23:53:06 | INFO | ------------------------------------------------------------
2026-02-15 23:53:06 | INFO | POSTWORK stage start
2026-02-15 23:53:06 | INFO | POSTWORK stage end
2026-02-15 23:53:06 | INFO | ------------------------------------------------------------
2026-02-15 23:53:06 | INFO | [3/4] POSTWORK DONE (0.00s)
2026-02-15 23:53:06 | INFO | 
2026-02-15 23:53:06 | INFO | [4/4] REPORT
2026-02-15 23:53:06 | INFO | ------------------------------------------------------------
2026-02-15 23:53:06 | INFO | REPORT stage start
2026-02-15 23:53:06 | INFO | REPORT csv export | sql_dir=sql/report/ out_dir=data/report/
2026-02-15 23:53:06 | INFO | REPORT excel export skipped
2026-02-15 23:53:06 | INFO | REPORT stage end
2026-02-15 23:53:06 | INFO | ------------------------------------------------------------
2026-02-15 23:53:06 | INFO | [4/4] REPORT DONE (0.00s)
2026-02-15 23:53:06 | INFO | 
2026-02-15 23:53:06 | INFO | ============== PIPELINE FINISHED ==============
2026-02-15 23:53:06 | INFO | Job finished
